[2021-08-2205:18:44 PM-test.py-INFO:['D51: 0', 'D52: 0', 'D53: 0', 'D54: 0', 'D55: 196608', 'D56: 3', 'D57: 1966080', 'D58: 30', 'D59: 0', 'D60: 0']]
[2021-08-2205:18:45 PM-test.py-INFO:['D51: 0', 'D52: 0', 'D53: 0', 'D54: 0', 'D55: 196608', 'D56: 3', 'D57: 1966080', 'D58: 30', 'D59: 0', 'D60: 0']]
[2021-08-2205:18:49 PM-test.py-INFO:['D51: 0', 'D52: 0', 'D53: 0', 'D54: 0', 'D55: 196608', 'D56: 3', 'D57: 1966080', 'D58: 30', 'D59: 0', 'D60: 0']]
[2021-08-2205:18:51 PM-test.py-INFO:['D51: 0', 'D52: 0', 'D53: 0', 'D54: 0', 'D55: 196608', 'D56: 3', 'D57: 1966080', 'D58: 30', 'D59: 0', 'D60: 0']]
[2021-08-2205:18:52 PM-test.py-INFO:['D51: 0', 'D52: 0', 'D53: 0', 'D54: 0', 'D55: 196608', 'D56: 3', 'D57: 1966080', 'D58: 30', 'D59: 0', 'D60: 0']]
[2021-08-2205:18:54 PM-test.py-INFO:['D51: 0', 'D52: 0', 'D53: 0', 'D54: 0', 'D55: 196608', 'D56: 3', 'D57: 1966080', 'D58: 30', 'D59: 0', 'D60: 0']]
[2021-08-2205:18:55 PM-test.py-INFO:['D51: 0', 'D52: 0', 'D53: 0', 'D54: 0', 'D55: 196608', 'D56: 3', 'D57: 1966080', 'D58: 30', 'D59: 0', 'D60: 0']]
[2021-08-2205:18:57 PM-test.py-INFO:['D51: 0', 'D52: 0', 'D53: 0', 'D54: 0', 'D55: 196608', 'D56: 3', 'D57: 1966080', 'D58: 30', 'D59: 0', 'D60: 0']]
[2021-08-2206:52:24 PM-test.py-INFO:['D51: 0', 'D52: 0', 'D53: 0', 'D54: 0', 'D55: 196608', 'D56: 3', 'D57: 1966080', 'D58: 30', 'D59: 0', 'D60: 0']]
[2021-08-2608:05:13 PM-component.py-DEBUG:End creating instance <plc.FX3U.FX3U object at 0x0000017F1340E320>]
[2021-08-2802:40:56 PM-component.py-DEBUG:End creating instance <plc.FX3U.FX3U object at 0x000002420C34B828>]
[2021-08-2802:40:56 PM-component.py-DEBUG:Building container is over!]
[2021-08-2802:40:56 PM-component.py-DEBUG:Starting resolving all parameters!]
[2021-08-2802:40:56 PM-component.py-DEBUG:End resolving all parameters!]
[2021-08-2802:40:59 PM-helper.py-DEBUG:Loading files]
[2021-08-2802:40:59 PM-helper.py-DEBUG:Search loader for file C:/Users/84307/Desktop/three_plc/service.yml]
[2021-08-2802:40:59 PM-helper.py-DEBUG:Found loader <ioc.loader.YamlLoader object at 0x000002420C34B978> for file C:/Users/84307/Desktop/three_plc/service.yml]
[2021-08-2802:40:59 PM-component.py-DEBUG:Start building the container]
[2021-08-2802:40:59 PM-component.py-DEBUG:Create instance for <class 'plc.FX3U.FX3U'>]
[2021-08-2802:40:59 PM-component.py-DEBUG:End creating instance <plc.FX3U.FX3U object at 0x000002420C34BA90>]
[2021-08-2802:40:59 PM-component.py-DEBUG:Building container is over!]
[2021-08-2802:40:59 PM-component.py-DEBUG:Starting resolving all parameters!]
[2021-08-2802:40:59 PM-component.py-DEBUG:End resolving all parameters!]
[2021-08-2803:31:46 PM-helper.py-DEBUG:Loading files]
[2021-08-2803:31:46 PM-helper.py-DEBUG:Search loader for file C:/Users/84307/Desktop/three_plc/service.yml]
[2021-08-2803:31:46 PM-helper.py-DEBUG:Found loader <ioc.loader.YamlLoader object at 0x000002420C35E828> for file C:/Users/84307/Desktop/three_plc/service.yml]
[2021-08-2803:31:46 PM-component.py-DEBUG:Start building the container]
[2021-08-2803:31:46 PM-component.py-DEBUG:Create instance for <class 'plc.FX3U.FX3U'>]
[2021-08-2803:31:46 PM-component.py-DEBUG:End creating instance <plc.FX3U.FX3U object at 0x000002420C35E908>]
[2021-08-2803:31:46 PM-component.py-DEBUG:Building container is over!]
[2021-08-2803:31:46 PM-component.py-DEBUG:Starting resolving all parameters!]
[2021-08-2803:31:46 PM-component.py-DEBUG:End resolving all parameters!]
[2021-08-2803:34:33 PM-component.py-DEBUG:End creating instance <plc.FX3U.FX3U object at 0x0000023BD66EB8D0>]
[2021-08-2803:34:33 PM-component.py-DEBUG:Building container is over!]
[2021-08-2803:34:33 PM-component.py-DEBUG:Starting resolving all parameters!]
[2021-08-2803:34:33 PM-component.py-DEBUG:End resolving all parameters!]
[2021-08-2803:34:43 PM-helper.py-DEBUG:Loading files]
[2021-08-2803:34:43 PM-helper.py-DEBUG:Search loader for file C:/Users/84307/Desktop/three_plc/service.yml]
[2021-08-2803:34:43 PM-helper.py-DEBUG:Found loader <ioc.loader.YamlLoader object at 0x0000023BD66EBA20> for file C:/Users/84307/Desktop/three_plc/service.yml]
[2021-08-2803:34:43 PM-component.py-DEBUG:Start building the container]
[2021-08-2803:34:43 PM-component.py-DEBUG:Create instance for <class 'plc.FX3U.FX3U'>]
[2021-08-2803:34:43 PM-component.py-DEBUG:End creating instance <plc.FX3U.FX3U object at 0x0000023BD66EB9B0>]
[2021-08-2803:34:43 PM-component.py-DEBUG:Building container is over!]
[2021-08-2803:34:43 PM-component.py-DEBUG:Starting resolving all parameters!]
[2021-08-2803:34:43 PM-component.py-DEBUG:End resolving all parameters!]
[2021-08-2803:49:25 PM-component.py-DEBUG:End creating instance <plc.FX3U.FX3U object at 0x0000020F0590BC18>]
[2021-08-2803:49:25 PM-component.py-DEBUG:Building container is over!]
[2021-08-2803:49:25 PM-component.py-DEBUG:Starting resolving all parameters!]
[2021-08-2803:49:25 PM-component.py-DEBUG:End resolving all parameters!]
[2021-08-2803:49:28 PM-helper.py-DEBUG:Loading files]
[2021-08-2803:49:28 PM-helper.py-DEBUG:Search loader for file C:/Users/84307/Desktop/three_plc/service.yml]
[2021-08-2803:49:28 PM-helper.py-DEBUG:Found loader <ioc.loader.YamlLoader object at 0x0000020F0591CB00> for file C:/Users/84307/Desktop/three_plc/service.yml]
[2021-08-2803:49:28 PM-component.py-DEBUG:Start building the container]
[2021-08-2803:49:28 PM-component.py-DEBUG:Create instance for <class 'plc.FX3U.FX3U'>]
[2021-08-2803:49:28 PM-component.py-DEBUG:End creating instance <plc.FX3U.FX3U object at 0x0000020F0591CA58>]
[2021-08-2803:49:28 PM-component.py-DEBUG:Building container is over!]
[2021-08-2803:49:28 PM-component.py-DEBUG:Starting resolving all parameters!]
[2021-08-2803:49:28 PM-component.py-DEBUG:End resolving all parameters!]
[2021-08-2803:58:52 PM-component.py-DEBUG:End creating instance <plc.FX3U.FX3U object at 0x000002686475B7B8>]
[2021-08-2803:58:52 PM-component.py-DEBUG:Building container is over!]
[2021-08-2803:58:52 PM-component.py-DEBUG:Starting resolving all parameters!]
[2021-08-2803:58:52 PM-component.py-DEBUG:End resolving all parameters!]
[2021-08-2803:58:57 PM-helper.py-DEBUG:Loading files]
[2021-08-2803:58:57 PM-helper.py-DEBUG:Search loader for file C:/Users/84307/Desktop/three_plc/service.yml]
[2021-08-2803:58:57 PM-helper.py-DEBUG:Found loader <ioc.loader.YamlLoader object at 0x000002686475B828> for file C:/Users/84307/Desktop/three_plc/service.yml]
[2021-08-2803:58:57 PM-component.py-DEBUG:Start building the container]
[2021-08-2803:59:02 PM-helper.py-DEBUG:Loading files]
[2021-08-2803:59:02 PM-helper.py-DEBUG:Search loader for file C:/Users/84307/Desktop/three_plc/service.yml]
[2021-08-2803:59:02 PM-helper.py-DEBUG:Found loader <ioc.loader.YamlLoader object at 0x000002686C211860> for file C:/Users/84307/Desktop/three_plc/service.yml]
[2021-08-2803:59:02 PM-component.py-DEBUG:Start building the container]
[2021-08-2803:59:13 PM-helper.py-DEBUG:Loading files]
[2021-08-2803:59:13 PM-helper.py-DEBUG:Search loader for file C:/Users/84307/Desktop/three_plc/service.yml]
[2021-08-2803:59:13 PM-helper.py-DEBUG:Found loader <ioc.loader.YamlLoader object at 0x000002686477C2B0> for file C:/Users/84307/Desktop/three_plc/service.yml]
[2021-08-2803:59:13 PM-component.py-DEBUG:Start building the container]
[2021-08-2803:59:17 PM-component.py-DEBUG:Create instance for <class 'plc.FinsTcp.FinsTcp'>]
[2021-08-2803:59:27 PM-helper.py-DEBUG:Loading files]
[2021-08-2803:59:27 PM-helper.py-DEBUG:Search loader for file C:/Users/84307/Desktop/three_plc/service.yml]
[2021-08-2803:59:27 PM-helper.py-DEBUG:Found loader <ioc.loader.YamlLoader object at 0x000002686C1DF2B0> for file C:/Users/84307/Desktop/three_plc/service.yml]
[2021-08-2803:59:27 PM-component.py-DEBUG:Start building the container]
[2021-08-2803:59:27 PM-component.py-DEBUG:Create instance for <class 'plc.FX3U.FX3U'>]
[2021-08-2803:59:27 PM-component.py-DEBUG:End creating instance <plc.FX3U.FX3U object at 0x000002686C1DF278>]
[2021-08-2803:59:27 PM-component.py-DEBUG:Building container is over!]
[2021-08-2803:59:27 PM-component.py-DEBUG:Starting resolving all parameters!]
[2021-08-2803:59:27 PM-component.py-DEBUG:End resolving all parameters!]
[2021-08-2803:59:36 PM-component.py-DEBUG:End creating instance <plc.FinsTcp.FinsTcp object at 0x000002686476D6D8>]
[2021-08-2803:59:36 PM-component.py-DEBUG:Building container is over!]
[2021-08-2803:59:36 PM-component.py-DEBUG:Starting resolving all parameters!]
[2021-08-2803:59:36 PM-component.py-DEBUG:End resolving all parameters!]
[2021-08-2803:59:57 PM-component.py-DEBUG:End creating instance <plc.FX3U.FX3U object at 0x0000028FBF7DEAC8>]
[2021-08-2803:59:57 PM-component.py-DEBUG:Building container is over!]
[2021-08-2803:59:57 PM-component.py-DEBUG:Starting resolving all parameters!]
[2021-08-2803:59:57 PM-component.py-DEBUG:End resolving all parameters!]
[2021-08-2803:59:59 PM-helper.py-DEBUG:Loading files]
[2021-08-2803:59:59 PM-helper.py-DEBUG:Search loader for file C:/Users/84307/Desktop/three_plc/service.yml]
[2021-08-2803:59:59 PM-helper.py-DEBUG:Found loader <ioc.loader.YamlLoader object at 0x0000028FBF7DE780> for file C:/Users/84307/Desktop/three_plc/service.yml]
[2021-08-2803:59:59 PM-component.py-DEBUG:Start building the container]
[2021-08-2803:59:59 PM-component.py-DEBUG:Create instance for <class 'plc.FX3U.FX3U'>]
[2021-08-2803:59:59 PM-component.py-DEBUG:End creating instance <plc.FX3U.FX3U object at 0x0000028FBF7DEE10>]
[2021-08-2803:59:59 PM-component.py-DEBUG:Building container is over!]
[2021-08-2803:59:59 PM-component.py-DEBUG:Starting resolving all parameters!]
[2021-08-2803:59:59 PM-component.py-DEBUG:End resolving all parameters!]
[2021-08-2804:00:01 PM-helper.py-DEBUG:Loading files]
[2021-08-2804:00:01 PM-helper.py-DEBUG:Search loader for file C:/Users/84307/Desktop/three_plc/service.yml]
[2021-08-2804:00:01 PM-helper.py-DEBUG:Found loader <ioc.loader.YamlLoader object at 0x0000028FBF7C9D68> for file C:/Users/84307/Desktop/three_plc/service.yml]
[2021-08-2804:00:01 PM-component.py-DEBUG:Start building the container]
[2021-08-2804:00:01 PM-component.py-DEBUG:Create instance for <class 'plc.FX3U.FX3U'>]
[2021-08-2804:00:01 PM-component.py-DEBUG:End creating instance <plc.FX3U.FX3U object at 0x0000028FBF7EDBA8>]
[2021-08-2804:00:01 PM-component.py-DEBUG:Building container is over!]
[2021-08-2804:00:01 PM-component.py-DEBUG:Starting resolving all parameters!]
[2021-08-2804:00:01 PM-component.py-DEBUG:End resolving all parameters!]
[2021-08-2804:00:12 PM-helper.py-DEBUG:Loading files]
[2021-08-2804:00:12 PM-helper.py-DEBUG:Search loader for file C:/Users/84307/Desktop/three_plc/service.yml]
[2021-08-2804:00:12 PM-helper.py-DEBUG:Found loader <ioc.loader.YamlLoader object at 0x0000028FBF7C9D68> for file C:/Users/84307/Desktop/three_plc/service.yml]
[2021-08-2804:00:12 PM-component.py-DEBUG:Start building the container]
[2021-08-2804:00:28 PM-helper.py-DEBUG:Loading files]
[2021-08-2804:00:28 PM-helper.py-DEBUG:Search loader for file C:/Users/84307/Desktop/three_plc/service.yml]
[2021-08-2804:00:28 PM-helper.py-DEBUG:Found loader <ioc.loader.YamlLoader object at 0x0000028FBF7FBA20> for file C:/Users/84307/Desktop/three_plc/service.yml]
[2021-08-2804:00:28 PM-component.py-DEBUG:Start building the container]
[2021-08-2804:00:32 PM-component.py-DEBUG:Create instance for <class 'plc.FinsTcp.FinsTcp'>]
[2021-08-2804:00:34 PM-component.py-DEBUG:End creating instance <plc.FinsTcp.FinsTcp object at 0x0000028FBF7ED6D8>]
[2021-08-2804:00:34 PM-component.py-DEBUG:Building container is over!]
[2021-08-2804:00:34 PM-component.py-DEBUG:Starting resolving all parameters!]
[2021-08-2804:00:34 PM-component.py-DEBUG:End resolving all parameters!]
[2021-08-2804:04:09 PM-component.py-DEBUG:End creating instance <plc.FX3U.FX3U object at 0x0000025D23251358>]
[2021-08-2804:04:09 PM-component.py-DEBUG:Building container is over!]
[2021-08-2804:04:09 PM-component.py-DEBUG:Starting resolving all parameters!]
[2021-08-2804:04:09 PM-component.py-DEBUG:End resolving all parameters!]
[2021-08-2804:04:11 PM-helper.py-DEBUG:Loading files]
[2021-08-2804:04:11 PM-helper.py-DEBUG:Search loader for file C:/Users/84307/Desktop/three_plc/service.yml]
[2021-08-2804:04:11 PM-helper.py-DEBUG:Found loader <ioc.loader.YamlLoader object at 0x0000025D242FC7B8> for file C:/Users/84307/Desktop/three_plc/service.yml]
[2021-08-2804:04:11 PM-component.py-DEBUG:Start building the container]
[2021-08-2804:04:11 PM-component.py-DEBUG:Create instance for <class 'plc.FX3U.FX3U'>]
[2021-08-2804:04:11 PM-component.py-DEBUG:End creating instance <plc.FX3U.FX3U object at 0x0000025D242FC940>]
[2021-08-2804:04:11 PM-component.py-DEBUG:Building container is over!]
[2021-08-2804:04:11 PM-component.py-DEBUG:Starting resolving all parameters!]
[2021-08-2804:04:11 PM-component.py-DEBUG:End resolving all parameters!]
[2021-08-2805:48:18 PM-component.py-DEBUG:End creating instance <plc.FX3U.FX3U object at 0x00000204C607EF98>]
[2021-08-2805:48:18 PM-component.py-DEBUG:Building container is over!]
[2021-08-2805:48:18 PM-component.py-DEBUG:Starting resolving all parameters!]
[2021-08-2805:48:18 PM-component.py-DEBUG:End resolving all parameters!]
[2021-08-2805:48:19 PM-helper.py-DEBUG:Loading files]
[2021-08-2805:48:19 PM-helper.py-DEBUG:Search loader for file C:/Users/84307/Desktop/three_plc/service.yml]
[2021-08-2805:48:19 PM-helper.py-DEBUG:Found loader <ioc.loader.YamlLoader object at 0x00000204C607E898> for file C:/Users/84307/Desktop/three_plc/service.yml]
[2021-08-2805:48:19 PM-component.py-DEBUG:Start building the container]
[2021-08-2805:48:19 PM-component.py-DEBUG:Create instance for <class 'plc.FX3U.FX3U'>]
[2021-08-2805:48:19 PM-component.py-DEBUG:End creating instance <plc.FX3U.FX3U object at 0x00000204C607E780>]
[2021-08-2805:48:19 PM-component.py-DEBUG:Building container is over!]
[2021-08-2805:48:19 PM-component.py-DEBUG:Starting resolving all parameters!]
[2021-08-2805:48:19 PM-component.py-DEBUG:End resolving all parameters!]
[2021-08-2805:48:27 PM-helper.py-DEBUG:Loading files]
[2021-08-2805:48:27 PM-helper.py-DEBUG:Search loader for file C:/Users/84307/Desktop/three_plc/service.yml]
[2021-08-2805:48:27 PM-helper.py-DEBUG:Found loader <ioc.loader.YamlLoader object at 0x00000204C4FB3080> for file C:/Users/84307/Desktop/three_plc/service.yml]
[2021-08-2805:48:27 PM-component.py-DEBUG:Start building the container]
[2021-08-2805:48:27 PM-component.py-DEBUG:Create instance for <class 'plc.FinsTcp.FinsTcp'>]
[2021-08-2805:48:27 PM-component.py-DEBUG:End creating instance <plc.FinsTcp.FinsTcp object at 0x00000204C607EBE0>]
[2021-08-2805:48:27 PM-component.py-DEBUG:Building container is over!]
[2021-08-2805:48:27 PM-component.py-DEBUG:Starting resolving all parameters!]
[2021-08-2805:48:27 PM-component.py-DEBUG:End resolving all parameters!]
[2021-08-2805:48:35 PM-helper.py-DEBUG:Loading files]
[2021-08-2805:48:35 PM-helper.py-DEBUG:Search loader for file C:/Users/84307/Desktop/three_plc/service.yml]
[2021-08-2805:48:35 PM-helper.py-DEBUG:Found loader <ioc.loader.YamlLoader object at 0x00000204C607EA58> for file C:/Users/84307/Desktop/three_plc/service.yml]
[2021-08-2805:48:35 PM-component.py-DEBUG:Start building the container]
[2021-08-2805:48:35 PM-component.py-DEBUG:Create instance for <class 'plc.FinsTcp.FinsTcp'>]
[2021-08-2805:48:35 PM-component.py-DEBUG:End creating instance <plc.FinsTcp.FinsTcp object at 0x00000204C607E278>]
[2021-08-2805:48:35 PM-component.py-DEBUG:Building container is over!]
[2021-08-2805:48:35 PM-component.py-DEBUG:Starting resolving all parameters!]
[2021-08-2805:48:35 PM-component.py-DEBUG:End resolving all parameters!]
[2021-08-2805:48:46 PM-helper.py-DEBUG:Loading files]
[2021-08-2805:48:46 PM-helper.py-DEBUG:Search loader for file C:/Users/84307/Desktop/three_plc/service.yml]
[2021-08-2805:48:46 PM-helper.py-DEBUG:Found loader <ioc.loader.YamlLoader object at 0x00000204C607EF98> for file C:/Users/84307/Desktop/three_plc/service.yml]
[2021-08-2805:48:46 PM-component.py-DEBUG:Start building the container]
[2021-08-2805:48:46 PM-component.py-DEBUG:Create instance for <class 'plc.FinsTcp.FinsTcp'>]
[2021-08-2805:48:46 PM-component.py-DEBUG:End creating instance <plc.FinsTcp.FinsTcp object at 0x00000204C606CB00>]
[2021-08-2805:48:46 PM-component.py-DEBUG:Building container is over!]
[2021-08-2805:48:46 PM-component.py-DEBUG:Starting resolving all parameters!]
[2021-08-2805:48:46 PM-component.py-DEBUG:End resolving all parameters!]
[2021-08-2805:48:48 PM-helper.py-DEBUG:Loading files]
[2021-08-2805:48:48 PM-helper.py-DEBUG:Search loader for file C:/Users/84307/Desktop/three_plc/service.yml]
[2021-08-2805:48:48 PM-helper.py-DEBUG:Found loader <ioc.loader.YamlLoader object at 0x00000204C607E780> for file C:/Users/84307/Desktop/three_plc/service.yml]
[2021-08-2805:48:48 PM-component.py-DEBUG:Start building the container]
[2021-08-2805:48:48 PM-component.py-DEBUG:Create instance for <class 'plc.FinsTcp.FinsTcp'>]
[2021-08-2805:48:48 PM-component.py-DEBUG:End creating instance <plc.FinsTcp.FinsTcp object at 0x00000204C606C710>]
[2021-08-2805:48:48 PM-component.py-DEBUG:Building container is over!]
[2021-08-2805:48:48 PM-component.py-DEBUG:Starting resolving all parameters!]
[2021-08-2805:48:48 PM-component.py-DEBUG:End resolving all parameters!]
[2021-08-2805:48:48 PM-helper.py-DEBUG:Loading files]
[2021-08-2805:48:48 PM-helper.py-DEBUG:Search loader for file C:/Users/84307/Desktop/three_plc/service.yml]
[2021-08-2805:48:48 PM-helper.py-DEBUG:Found loader <ioc.loader.YamlLoader object at 0x00000204C607EC88> for file C:/Users/84307/Desktop/three_plc/service.yml]
[2021-08-2805:48:48 PM-component.py-DEBUG:Start building the container]
[2021-08-2805:48:48 PM-component.py-DEBUG:Create instance for <class 'plc.FinsTcp.FinsTcp'>]
[2021-08-2805:48:48 PM-component.py-DEBUG:End creating instance <plc.FinsTcp.FinsTcp object at 0x00000204C607E828>]
[2021-08-2805:48:48 PM-component.py-DEBUG:Building container is over!]
[2021-08-2805:48:48 PM-component.py-DEBUG:Starting resolving all parameters!]
[2021-08-2805:48:48 PM-component.py-DEBUG:End resolving all parameters!]
[2021-08-2805:48:51 PM-helper.py-DEBUG:Loading files]
[2021-08-2805:48:51 PM-helper.py-DEBUG:Search loader for file C:/Users/84307/Desktop/three_plc/service.yml]
[2021-08-2805:48:51 PM-helper.py-DEBUG:Found loader <ioc.loader.YamlLoader object at 0x00000204C606CA20> for file C:/Users/84307/Desktop/three_plc/service.yml]
[2021-08-2805:48:51 PM-component.py-DEBUG:Start building the container]
[2021-08-2805:48:51 PM-component.py-DEBUG:Create instance for <class 'plc.FinsTcp.FinsTcp'>]
[2021-08-2805:48:51 PM-component.py-DEBUG:End creating instance <plc.FinsTcp.FinsTcp object at 0x00000204C607EBA8>]
[2021-08-2805:48:51 PM-component.py-DEBUG:Building container is over!]
[2021-08-2805:48:51 PM-component.py-DEBUG:Starting resolving all parameters!]
[2021-08-2805:48:51 PM-component.py-DEBUG:End resolving all parameters!]
[2021-08-2805:48:53 PM-helper.py-DEBUG:Loading files]
[2021-08-2805:48:53 PM-helper.py-DEBUG:Search loader for file C:/Users/84307/Desktop/three_plc/service.yml]
[2021-08-2805:48:53 PM-helper.py-DEBUG:Found loader <ioc.loader.YamlLoader object at 0x00000204C606C7F0> for file C:/Users/84307/Desktop/three_plc/service.yml]
[2021-08-2805:48:53 PM-component.py-DEBUG:Start building the container]
[2021-08-2805:48:53 PM-component.py-DEBUG:Create instance for <class 'plc.FinsTcp.FinsTcp'>]
[2021-08-2805:48:53 PM-component.py-DEBUG:End creating instance <plc.FinsTcp.FinsTcp object at 0x00000204C607E780>]
[2021-08-2805:48:53 PM-component.py-DEBUG:Building container is over!]
[2021-08-2805:48:53 PM-component.py-DEBUG:Starting resolving all parameters!]
[2021-08-2805:48:53 PM-component.py-DEBUG:End resolving all parameters!]
[2021-08-2805:48:55 PM-helper.py-DEBUG:Loading files]
[2021-08-2805:48:55 PM-helper.py-DEBUG:Search loader for file C:/Users/84307/Desktop/three_plc/service.yml]
[2021-08-2805:48:55 PM-helper.py-DEBUG:Found loader <ioc.loader.YamlLoader object at 0x00000204C606CA20> for file C:/Users/84307/Desktop/three_plc/service.yml]
[2021-08-2805:48:55 PM-component.py-DEBUG:Start building the container]
[2021-08-2805:48:55 PM-component.py-DEBUG:Create instance for <class 'plc.FinsTcp.FinsTcp'>]
[2021-08-2805:48:55 PM-component.py-DEBUG:End creating instance <plc.FinsTcp.FinsTcp object at 0x00000204C607E8D0>]
[2021-08-2805:48:55 PM-component.py-DEBUG:Building container is over!]
[2021-08-2805:48:55 PM-component.py-DEBUG:Starting resolving all parameters!]
[2021-08-2805:48:55 PM-component.py-DEBUG:End resolving all parameters!]
[2021-08-2805:49:00 PM-helper.py-DEBUG:Loading files]
[2021-08-2805:49:00 PM-helper.py-DEBUG:Search loader for file C:/Users/84307/Desktop/three_plc/service.yml]
[2021-08-2805:49:00 PM-helper.py-DEBUG:Found loader <ioc.loader.YamlLoader object at 0x00000204C607EA20> for file C:/Users/84307/Desktop/three_plc/service.yml]
[2021-08-2805:49:00 PM-component.py-DEBUG:Start building the container]
[2021-08-2805:49:00 PM-component.py-DEBUG:Create instance for <class 'plc.FinsTcp.FinsTcp'>]
[2021-08-2805:49:00 PM-component.py-DEBUG:End creating instance <plc.FinsTcp.FinsTcp object at 0x00000204C607EC88>]
[2021-08-2805:49:00 PM-component.py-DEBUG:Building container is over!]
[2021-08-2805:49:00 PM-component.py-DEBUG:Starting resolving all parameters!]
[2021-08-2805:49:00 PM-component.py-DEBUG:End resolving all parameters!]
[2021-08-2806:04:40 PM-component.py-DEBUG:End creating instance <plc.FX3U.FX3U object at 0x000002500F1FCB70>]
[2021-08-2806:04:40 PM-component.py-DEBUG:Building container is over!]
[2021-08-2806:04:40 PM-component.py-DEBUG:Starting resolving all parameters!]
[2021-08-2806:04:40 PM-component.py-DEBUG:End resolving all parameters!]
[2021-08-2806:04:41 PM-helper.py-DEBUG:Loading files]
[2021-08-2806:04:41 PM-helper.py-DEBUG:Search loader for file C:/Users/84307/Desktop/three_plc/service.yml]
[2021-08-2806:04:41 PM-helper.py-DEBUG:Found loader <ioc.loader.YamlLoader object at 0x000002500F1FC780> for file C:/Users/84307/Desktop/three_plc/service.yml]
[2021-08-2806:04:41 PM-component.py-DEBUG:Start building the container]
[2021-08-2806:04:41 PM-component.py-DEBUG:Create instance for <class 'plc.FX3U.FX3U'>]
[2021-08-2806:04:41 PM-component.py-DEBUG:End creating instance <plc.FX3U.FX3U object at 0x000002500F1FCEB8>]
[2021-08-2806:04:41 PM-component.py-DEBUG:Building container is over!]
[2021-08-2806:04:41 PM-component.py-DEBUG:Starting resolving all parameters!]
[2021-08-2806:04:41 PM-component.py-DEBUG:End resolving all parameters!]
[2021-08-2806:04:42 PM-helper.py-DEBUG:Loading files]
[2021-08-2806:04:42 PM-helper.py-DEBUG:Search loader for file C:/Users/84307/Desktop/three_plc/service.yml]
[2021-08-2806:04:42 PM-helper.py-DEBUG:Found loader <ioc.loader.YamlLoader object at 0x000002500F1E9DD8> for file C:/Users/84307/Desktop/three_plc/service.yml]
[2021-08-2806:04:42 PM-component.py-DEBUG:Start building the container]
[2021-08-2806:04:42 PM-component.py-DEBUG:Create instance for <class 'plc.FX3U.FX3U'>]
[2021-08-2806:04:42 PM-component.py-DEBUG:End creating instance <plc.FX3U.FX3U object at 0x000002500F20EC50>]
[2021-08-2806:04:42 PM-component.py-DEBUG:Building container is over!]
[2021-08-2806:04:42 PM-component.py-DEBUG:Starting resolving all parameters!]
[2021-08-2806:04:42 PM-component.py-DEBUG:End resolving all parameters!]
[2021-08-2806:04:43 PM-helper.py-DEBUG:Loading files]
[2021-08-2806:04:43 PM-helper.py-DEBUG:Search loader for file C:/Users/84307/Desktop/three_plc/service.yml]
[2021-08-2806:04:43 PM-helper.py-DEBUG:Found loader <ioc.loader.YamlLoader object at 0x000002500F1E9DD8> for file C:/Users/84307/Desktop/three_plc/service.yml]
[2021-08-2806:04:43 PM-component.py-DEBUG:Start building the container]
[2021-08-2806:04:43 PM-component.py-DEBUG:Create instance for <class 'plc.FX3U.FX3U'>]
[2021-08-2806:04:43 PM-component.py-DEBUG:End creating instance <plc.FX3U.FX3U object at 0x000002500F20EBA8>]
[2021-08-2806:04:43 PM-component.py-DEBUG:Building container is over!]
[2021-08-2806:04:43 PM-component.py-DEBUG:Starting resolving all parameters!]
[2021-08-2806:04:43 PM-component.py-DEBUG:End resolving all parameters!]
[2021-08-2806:04:46 PM-helper.py-DEBUG:Loading files]
[2021-08-2806:04:46 PM-helper.py-DEBUG:Search loader for file C:/Users/84307/Desktop/three_plc/service.yml]
[2021-08-2806:04:46 PM-helper.py-DEBUG:Found loader <ioc.loader.YamlLoader object at 0x000002500F20EC88> for file C:/Users/84307/Desktop/three_plc/service.yml]
[2021-08-2806:04:46 PM-component.py-DEBUG:Start building the container]
[2021-08-2806:04:46 PM-component.py-DEBUG:Create instance for <class 'plc.FX3U.FX3U'>]
[2021-08-2806:04:46 PM-component.py-DEBUG:End creating instance <plc.FX3U.FX3U object at 0x000002500F20E630>]
[2021-08-2806:04:46 PM-component.py-DEBUG:Building container is over!]
[2021-08-2806:04:46 PM-component.py-DEBUG:Starting resolving all parameters!]
[2021-08-2806:04:46 PM-component.py-DEBUG:End resolving all parameters!]
[2021-08-2806:04:50 PM-helper.py-DEBUG:Loading files]
[2021-08-2806:04:50 PM-helper.py-DEBUG:Search loader for file C:/Users/84307/Desktop/three_plc/service.yml]
[2021-08-2806:04:50 PM-helper.py-DEBUG:Found loader <ioc.loader.YamlLoader object at 0x000002500F20ECF8> for file C:/Users/84307/Desktop/three_plc/service.yml]
[2021-08-2806:04:50 PM-component.py-DEBUG:Start building the container]
[2021-08-2806:04:50 PM-component.py-DEBUG:Create instance for <class 'plc.FX3U.FX3U'>]
[2021-08-2806:04:50 PM-component.py-DEBUG:End creating instance <plc.FX3U.FX3U object at 0x000002500F20EA58>]
[2021-08-2806:04:50 PM-component.py-DEBUG:Building container is over!]
[2021-08-2806:04:50 PM-component.py-DEBUG:Starting resolving all parameters!]
[2021-08-2806:04:50 PM-component.py-DEBUG:End resolving all parameters!]
[2021-08-2806:05:13 PM-helper.py-DEBUG:Loading files]
[2021-08-2806:05:13 PM-helper.py-DEBUG:Search loader for file C:/Users/84307/Desktop/three_plc/service.yml]
[2021-08-2806:05:13 PM-helper.py-DEBUG:Found loader <ioc.loader.YamlLoader object at 0x000002500F20EAC8> for file C:/Users/84307/Desktop/three_plc/service.yml]
[2021-08-2806:05:13 PM-component.py-DEBUG:Start building the container]
[2021-08-2806:05:13 PM-component.py-DEBUG:Create instance for <class 'plc.FX3U.FX3U'>]
[2021-08-2806:05:13 PM-component.py-DEBUG:End creating instance <plc.FX3U.FX3U object at 0x000002500F20E668>]
[2021-08-2806:05:13 PM-component.py-DEBUG:Building container is over!]
[2021-08-2806:05:13 PM-component.py-DEBUG:Starting resolving all parameters!]
[2021-08-2806:05:13 PM-component.py-DEBUG:End resolving all parameters!]
[2021-08-2806:16:33 PM-component.py-DEBUG:End creating instance <plc.FX3U.FX3U object at 0x000002294731BBE0>]
[2021-08-2806:16:33 PM-component.py-DEBUG:Building container is over!]
[2021-08-2806:16:33 PM-component.py-DEBUG:Starting resolving all parameters!]
[2021-08-2806:16:33 PM-component.py-DEBUG:End resolving all parameters!]
[2021-08-2806:16:35 PM-helper.py-DEBUG:Loading files]
[2021-08-2806:16:35 PM-helper.py-DEBUG:Search loader for file C:/Users/84307/Desktop/three_plc/service.yml]
[2021-08-2806:16:35 PM-helper.py-DEBUG:Found loader <ioc.loader.YamlLoader object at 0x000002294EC0F828> for file C:/Users/84307/Desktop/three_plc/service.yml]
[2021-08-2806:16:35 PM-component.py-DEBUG:Start building the container]
[2021-08-2806:16:35 PM-component.py-DEBUG:Create instance for <class 'plc.FX3U.FX3U'>]
[2021-08-2806:16:35 PM-component.py-DEBUG:End creating instance <plc.FX3U.FX3U object at 0x000002294731BB00>]
[2021-08-2806:16:35 PM-component.py-DEBUG:Building container is over!]
[2021-08-2806:16:35 PM-component.py-DEBUG:Starting resolving all parameters!]
[2021-08-2806:16:35 PM-component.py-DEBUG:End resolving all parameters!]
[2021-08-2806:16:36 PM-helper.py-DEBUG:Loading files]
[2021-08-2806:16:36 PM-helper.py-DEBUG:Search loader for file C:/Users/84307/Desktop/three_plc/service.yml]
[2021-08-2806:16:36 PM-helper.py-DEBUG:Found loader <ioc.loader.YamlLoader object at 0x000002294EC0FF28> for file C:/Users/84307/Desktop/three_plc/service.yml]
[2021-08-2806:16:36 PM-component.py-DEBUG:Start building the container]
[2021-08-2806:16:36 PM-component.py-DEBUG:Create instance for <class 'plc.FX3U.FX3U'>]
[2021-08-2806:16:36 PM-component.py-DEBUG:End creating instance <plc.FX3U.FX3U object at 0x000002294EC0FB00>]
[2021-08-2806:16:36 PM-component.py-DEBUG:Building container is over!]
[2021-08-2806:16:36 PM-component.py-DEBUG:Starting resolving all parameters!]
[2021-08-2806:16:36 PM-component.py-DEBUG:End resolving all parameters!]
[2021-08-2806:16:38 PM-helper.py-DEBUG:Loading files]
[2021-08-2806:16:38 PM-helper.py-DEBUG:Search loader for file C:/Users/84307/Desktop/three_plc/service.yml]
[2021-08-2806:16:38 PM-helper.py-DEBUG:Found loader <ioc.loader.YamlLoader object at 0x000002294EC0F908> for file C:/Users/84307/Desktop/three_plc/service.yml]
[2021-08-2806:16:38 PM-component.py-DEBUG:Start building the container]
[2021-08-2806:16:38 PM-component.py-DEBUG:Create instance for <class 'plc.FX3U.FX3U'>]
[2021-08-2806:16:38 PM-component.py-DEBUG:End creating instance <plc.FX3U.FX3U object at 0x000002294EC0FEF0>]
[2021-08-2806:16:38 PM-component.py-DEBUG:Building container is over!]
[2021-08-2806:16:38 PM-component.py-DEBUG:Starting resolving all parameters!]
[2021-08-2806:16:38 PM-component.py-DEBUG:End resolving all parameters!]
[2021-08-2806:16:39 PM-helper.py-DEBUG:Loading files]
[2021-08-2806:16:39 PM-helper.py-DEBUG:Search loader for file C:/Users/84307/Desktop/three_plc/service.yml]
[2021-08-2806:16:39 PM-helper.py-DEBUG:Found loader <ioc.loader.YamlLoader object at 0x000002294EC0FF28> for file C:/Users/84307/Desktop/three_plc/service.yml]
[2021-08-2806:16:39 PM-component.py-DEBUG:Start building the container]
[2021-08-2806:16:39 PM-component.py-DEBUG:Create instance for <class 'plc.FX3U.FX3U'>]
[2021-08-2806:16:39 PM-component.py-DEBUG:End creating instance <plc.FX3U.FX3U object at 0x000002294EC0FCF8>]
[2021-08-2806:16:39 PM-component.py-DEBUG:Building container is over!]
[2021-08-2806:16:39 PM-component.py-DEBUG:Starting resolving all parameters!]
[2021-08-2806:16:39 PM-component.py-DEBUG:End resolving all parameters!]
[2021-08-2806:19:10 PM-component.py-DEBUG:End creating instance <plc.FX3U.FX3U object at 0x0000024B1122C710>]
[2021-08-2806:19:10 PM-component.py-DEBUG:Building container is over!]
[2021-08-2806:19:10 PM-component.py-DEBUG:Starting resolving all parameters!]
[2021-08-2806:19:10 PM-component.py-DEBUG:End resolving all parameters!]
[2021-08-2806:19:12 PM-helper.py-DEBUG:Loading files]
[2021-08-2806:19:12 PM-helper.py-DEBUG:Search loader for file C:/Users/84307/Desktop/three_plc/service.yml]
[2021-08-2806:19:12 PM-helper.py-DEBUG:Found loader <ioc.loader.YamlLoader object at 0x0000024B1122C9B0> for file C:/Users/84307/Desktop/three_plc/service.yml]
[2021-08-2806:19:12 PM-component.py-DEBUG:Start building the container]
[2021-08-2806:19:12 PM-component.py-DEBUG:Create instance for <class 'plc.FX3U.FX3U'>]
[2021-08-2806:19:12 PM-component.py-DEBUG:End creating instance <plc.FX3U.FX3U object at 0x0000024B1123E6A0>]
[2021-08-2806:19:12 PM-component.py-DEBUG:Building container is over!]
[2021-08-2806:19:12 PM-component.py-DEBUG:Starting resolving all parameters!]
[2021-08-2806:19:12 PM-component.py-DEBUG:End resolving all parameters!]
[2021-08-2806:19:14 PM-helper.py-DEBUG:Loading files]
[2021-08-2806:19:14 PM-helper.py-DEBUG:Search loader for file C:/Users/84307/Desktop/three_plc/service.yml]
[2021-08-2806:19:14 PM-helper.py-DEBUG:Found loader <ioc.loader.YamlLoader object at 0x0000024B1122CF98> for file C:/Users/84307/Desktop/three_plc/service.yml]
[2021-08-2806:19:14 PM-component.py-DEBUG:Start building the container]
[2021-08-2806:19:14 PM-component.py-DEBUG:Create instance for <class 'plc.FX3U.FX3U'>]
[2021-08-2806:19:14 PM-component.py-DEBUG:End creating instance <plc.FX3U.FX3U object at 0x0000024B1123EA90>]
[2021-08-2806:19:14 PM-component.py-DEBUG:Building container is over!]
[2021-08-2806:19:14 PM-component.py-DEBUG:Starting resolving all parameters!]
[2021-08-2806:19:14 PM-component.py-DEBUG:End resolving all parameters!]
[2021-08-2806:19:15 PM-helper.py-DEBUG:Loading files]
[2021-08-2806:19:15 PM-helper.py-DEBUG:Search loader for file C:/Users/84307/Desktop/three_plc/service.yml]
[2021-08-2806:19:15 PM-helper.py-DEBUG:Found loader <ioc.loader.YamlLoader object at 0x0000024B11219E10> for file C:/Users/84307/Desktop/three_plc/service.yml]
[2021-08-2806:19:15 PM-component.py-DEBUG:Start building the container]
[2021-08-2806:19:15 PM-component.py-DEBUG:Create instance for <class 'plc.FX3U.FX3U'>]
[2021-08-2806:19:15 PM-component.py-DEBUG:End creating instance <plc.FX3U.FX3U object at 0x0000024B1123E668>]
[2021-08-2806:19:15 PM-component.py-DEBUG:Building container is over!]
[2021-08-2806:19:15 PM-component.py-DEBUG:Starting resolving all parameters!]
[2021-08-2806:19:15 PM-component.py-DEBUG:End resolving all parameters!]
[2021-08-2806:19:17 PM-helper.py-DEBUG:Loading files]
[2021-08-2806:19:17 PM-helper.py-DEBUG:Search loader for file C:/Users/84307/Desktop/three_plc/service.yml]
[2021-08-2806:19:17 PM-helper.py-DEBUG:Found loader <ioc.loader.YamlLoader object at 0x0000024B1123ED30> for file C:/Users/84307/Desktop/three_plc/service.yml]
[2021-08-2806:19:17 PM-component.py-DEBUG:Start building the container]
[2021-08-2806:19:17 PM-component.py-DEBUG:Create instance for <class 'plc.FX3U.FX3U'>]
[2021-08-2806:19:17 PM-component.py-DEBUG:End creating instance <plc.FX3U.FX3U object at 0x0000024B1123EE48>]
[2021-08-2806:19:17 PM-component.py-DEBUG:Building container is over!]
[2021-08-2806:19:17 PM-component.py-DEBUG:Starting resolving all parameters!]
[2021-08-2806:19:17 PM-component.py-DEBUG:End resolving all parameters!]
[2021-08-2806:19:22 PM-helper.py-DEBUG:Loading files]
[2021-08-2806:19:22 PM-helper.py-DEBUG:Search loader for file C:/Users/84307/Desktop/three_plc/service.yml]
[2021-08-2806:19:22 PM-helper.py-DEBUG:Found loader <ioc.loader.YamlLoader object at 0x0000024B1123EF28> for file C:/Users/84307/Desktop/three_plc/service.yml]
[2021-08-2806:19:22 PM-component.py-DEBUG:Start building the container]
[2021-08-2806:19:22 PM-component.py-DEBUG:Create instance for <class 'plc.FX3U.FX3U'>]
[2021-08-2806:19:22 PM-component.py-DEBUG:End creating instance <plc.FX3U.FX3U object at 0x0000024B1123E898>]
[2021-08-2806:19:22 PM-component.py-DEBUG:Building container is over!]
[2021-08-2806:19:22 PM-component.py-DEBUG:Starting resolving all parameters!]
[2021-08-2806:19:22 PM-component.py-DEBUG:End resolving all parameters!]
[2021-08-2806:20:50 PM-component.py-DEBUG:End creating instance <plc.FX3U.FX3U object at 0x000001F8C17154E0>]
[2021-08-2806:20:50 PM-component.py-DEBUG:Building container is over!]
[2021-08-2806:20:50 PM-component.py-DEBUG:Starting resolving all parameters!]
[2021-08-2806:20:50 PM-component.py-DEBUG:End resolving all parameters!]
[2021-08-2806:21:15 PM-helper.py-DEBUG:Loading files]
[2021-08-2806:21:15 PM-helper.py-DEBUG:Search loader for file C:/Users/84307/Desktop/three_plc/service.yml]
[2021-08-2806:21:15 PM-helper.py-DEBUG:Found loader <ioc.loader.YamlLoader object at 0x000001F8CBE53748> for file C:/Users/84307/Desktop/three_plc/service.yml]
[2021-08-2806:21:15 PM-component.py-DEBUG:Start building the container]
[2021-08-2806:21:15 PM-component.py-DEBUG:Create instance for <class 'plc.FX3U.FX3U'>]
[2021-08-2806:21:15 PM-component.py-DEBUG:End creating instance <plc.FX3U.FX3U object at 0x000001F8CBE53CF8>]
[2021-08-2806:21:15 PM-component.py-DEBUG:Building container is over!]
[2021-08-2806:21:15 PM-component.py-DEBUG:Starting resolving all parameters!]
[2021-08-2806:21:15 PM-component.py-DEBUG:End resolving all parameters!]
[2021-08-2806:23:08 PM-component.py-DEBUG:End creating instance <plc.FX3U.FX3U object at 0x000001F4A2B57438>]
[2021-08-2806:23:08 PM-component.py-DEBUG:Building container is over!]
[2021-08-2806:23:08 PM-component.py-DEBUG:Starting resolving all parameters!]
[2021-08-2806:23:08 PM-component.py-DEBUG:End resolving all parameters!]
[2021-08-2806:24:17 PM-component.py-DEBUG:End creating instance <plc.FX3U.FX3U object at 0x000001B53E585470>]
[2021-08-2806:24:17 PM-component.py-DEBUG:Building container is over!]
[2021-08-2806:24:17 PM-component.py-DEBUG:Starting resolving all parameters!]
[2021-08-2806:24:17 PM-component.py-DEBUG:End resolving all parameters!]
[2021-08-2806:24:37 PM-helper.py-DEBUG:Loading files]
[2021-08-2806:24:37 PM-helper.py-DEBUG:Search loader for file C:/Users/84307/Desktop/three_plc/service.yml]
[2021-08-2806:24:37 PM-helper.py-DEBUG:Found loader <ioc.loader.YamlLoader object at 0x000001B548CC4940> for file C:/Users/84307/Desktop/three_plc/service.yml]
[2021-08-2806:24:37 PM-component.py-DEBUG:Start building the container]
[2021-08-2806:24:37 PM-component.py-DEBUG:Create instance for <class 'plc.FX3U.FX3U'>]
[2021-08-2806:24:37 PM-component.py-DEBUG:End creating instance <plc.FX3U.FX3U object at 0x000001B548CC4780>]
[2021-08-2806:24:37 PM-component.py-DEBUG:Building container is over!]
[2021-08-2806:24:37 PM-component.py-DEBUG:Starting resolving all parameters!]
[2021-08-2806:24:37 PM-component.py-DEBUG:End resolving all parameters!]
[2021-08-2806:25:35 PM-component.py-DEBUG:End creating instance <plc.FX3U.FX3U object at 0x000001FA713557F0>]
[2021-08-2806:25:35 PM-component.py-DEBUG:Building container is over!]
[2021-08-2806:25:35 PM-component.py-DEBUG:Starting resolving all parameters!]
[2021-08-2806:25:35 PM-component.py-DEBUG:End resolving all parameters!]
[2021-08-2806:25:45 PM-helper.py-DEBUG:Loading files]
[2021-08-2806:25:45 PM-helper.py-DEBUG:Search loader for file C:/Users/84307/Desktop/three_plc/service.yml]
[2021-08-2806:25:45 PM-helper.py-DEBUG:Found loader <ioc.loader.YamlLoader object at 0x000001FA7BA88780> for file C:/Users/84307/Desktop/three_plc/service.yml]
[2021-08-2806:25:45 PM-component.py-DEBUG:Start building the container]
[2021-08-2806:25:45 PM-component.py-DEBUG:Create instance for <class 'plc.FX3U.FX3U'>]
[2021-08-2806:25:45 PM-component.py-DEBUG:End creating instance <plc.FX3U.FX3U object at 0x000001FA71355B70>]
[2021-08-2806:25:45 PM-component.py-DEBUG:Building container is over!]
[2021-08-2806:25:45 PM-component.py-DEBUG:Starting resolving all parameters!]
[2021-08-2806:25:45 PM-component.py-DEBUG:End resolving all parameters!]
[2021-08-2806:42:03 PM-component.py-DEBUG:End creating instance <plc.FX3U.FX3U object at 0x000001D2805785F8>]
[2021-08-2806:42:03 PM-component.py-DEBUG:Building container is over!]
[2021-08-2806:42:03 PM-component.py-DEBUG:Starting resolving all parameters!]
[2021-08-2806:42:03 PM-component.py-DEBUG:End resolving all parameters!]
[2021-08-2806:42:20 PM-component.py-DEBUG:End creating instance <plc.FX3U.FX3U object at 0x00000261FC4E65F8>]
[2021-08-2806:42:20 PM-component.py-DEBUG:Building container is over!]
[2021-08-2806:42:20 PM-component.py-DEBUG:Starting resolving all parameters!]
[2021-08-2806:42:20 PM-component.py-DEBUG:End resolving all parameters!]
[2021-08-2808:13:38 PM-component.py-DEBUG:End creating instance <plc.FX3U.FX3U object at 0x000002542EB8CC18>]
[2021-08-2808:13:38 PM-component.py-DEBUG:Building container is over!]
[2021-08-2808:13:38 PM-component.py-DEBUG:Starting resolving all parameters!]
[2021-08-2808:13:38 PM-component.py-DEBUG:End resolving all parameters!]
[2021-08-2808:29:57 PM-component.py-DEBUG:End creating instance <plc.FX3U.FX3U object at 0x0000015970C96668>]
[2021-08-2808:29:57 PM-component.py-DEBUG:Building container is over!]
[2021-08-2808:29:57 PM-component.py-DEBUG:Starting resolving all parameters!]
[2021-08-2808:29:57 PM-component.py-DEBUG:End resolving all parameters!]
[2021-08-2808:29:59 PM-helper.py-DEBUG:Loading files]
[2021-08-2808:29:59 PM-helper.py-DEBUG:Search loader for file C:/Users/84307/Desktop/three_plc/service.yml]
[2021-08-2808:29:59 PM-helper.py-DEBUG:Found loader <ioc.loader.YamlLoader object at 0x0000015972825080> for file C:/Users/84307/Desktop/three_plc/service.yml]
[2021-08-2808:29:59 PM-component.py-DEBUG:Start building the container]
[2021-08-2808:29:59 PM-component.py-DEBUG:Create instance for <class 'plc.FX3U.FX3U'>]
[2021-08-2808:29:59 PM-component.py-DEBUG:End creating instance <plc.FX3U.FX3U object at 0x000001597290B9B0>]
[2021-08-2808:29:59 PM-component.py-DEBUG:Building container is over!]
[2021-08-2808:29:59 PM-component.py-DEBUG:Starting resolving all parameters!]
[2021-08-2808:29:59 PM-component.py-DEBUG:End resolving all parameters!]
[2021-08-2808:30:00 PM-helper.py-DEBUG:Loading files]
[2021-08-2808:30:00 PM-helper.py-DEBUG:Search loader for file C:/Users/84307/Desktop/three_plc/service.yml]
[2021-08-2808:30:00 PM-helper.py-DEBUG:Found loader <ioc.loader.YamlLoader object at 0x000001597290B780> for file C:/Users/84307/Desktop/three_plc/service.yml]
[2021-08-2808:30:00 PM-component.py-DEBUG:Start building the container]
[2021-08-2808:30:00 PM-component.py-DEBUG:Create instance for <class 'plc.FX3U.FX3U'>]
[2021-08-2808:30:00 PM-component.py-DEBUG:End creating instance <plc.FX3U.FX3U object at 0x000001597291C898>]
[2021-08-2808:30:00 PM-component.py-DEBUG:Building container is over!]
[2021-08-2808:30:00 PM-component.py-DEBUG:Starting resolving all parameters!]
[2021-08-2808:30:00 PM-component.py-DEBUG:End resolving all parameters!]
[2021-08-2808:30:01 PM-helper.py-DEBUG:Loading files]
[2021-08-2808:30:01 PM-helper.py-DEBUG:Search loader for file C:/Users/84307/Desktop/three_plc/service.yml]
[2021-08-2808:30:01 PM-helper.py-DEBUG:Found loader <ioc.loader.YamlLoader object at 0x000001597290B780> for file C:/Users/84307/Desktop/three_plc/service.yml]
[2021-08-2808:30:01 PM-component.py-DEBUG:Start building the container]
[2021-08-2808:30:01 PM-component.py-DEBUG:Create instance for <class 'plc.FX3U.FX3U'>]
[2021-08-2808:30:01 PM-component.py-DEBUG:End creating instance <plc.FX3U.FX3U object at 0x000001597291C748>]
[2021-08-2808:30:01 PM-component.py-DEBUG:Building container is over!]
[2021-08-2808:30:01 PM-component.py-DEBUG:Starting resolving all parameters!]
[2021-08-2808:30:01 PM-component.py-DEBUG:End resolving all parameters!]
[2021-08-2808:30:22 PM-component.py-DEBUG:End creating instance <plc.FX3U.FX3U object at 0x000002604AA65390>]
[2021-08-2808:30:22 PM-component.py-DEBUG:Building container is over!]
[2021-08-2808:30:22 PM-component.py-DEBUG:Starting resolving all parameters!]
[2021-08-2808:30:22 PM-component.py-DEBUG:End resolving all parameters!]
[2021-08-2808:30:48 PM-helper.py-DEBUG:Loading files]
[2021-08-2808:30:48 PM-helper.py-DEBUG:Search loader for file C:/Users/84307/Desktop/three_plc/service.yml]
[2021-08-2808:30:48 PM-helper.py-DEBUG:Found loader <ioc.loader.YamlLoader object at 0x00000260551AD908> for file C:/Users/84307/Desktop/three_plc/service.yml]
[2021-08-2808:30:48 PM-component.py-DEBUG:Start building the container]
[2021-08-2808:30:48 PM-component.py-DEBUG:Create instance for <class 'plc.FX3U.FX3U'>]
[2021-08-2808:30:48 PM-component.py-DEBUG:End creating instance <plc.FX3U.FX3U object at 0x00000260551ADF28>]
[2021-08-2808:30:48 PM-component.py-DEBUG:Building container is over!]
[2021-08-2808:30:48 PM-component.py-DEBUG:Starting resolving all parameters!]
[2021-08-2808:30:48 PM-component.py-DEBUG:End resolving all parameters!]
[2021-08-2808:31:09 PM-component.py-DEBUG:End creating instance <plc.FX3U.FX3U object at 0x000001FC51F452E8>]
[2021-08-2808:31:09 PM-component.py-DEBUG:Building container is over!]
[2021-08-2808:31:09 PM-component.py-DEBUG:Starting resolving all parameters!]
[2021-08-2808:31:09 PM-component.py-DEBUG:End resolving all parameters!]
[2021-08-2808:38:46 PM-helper.py-DEBUG:Loading files]
[2021-08-2808:38:46 PM-helper.py-DEBUG:Search loader for file C:/Users/84307/Desktop/three_plc/service.yml]
[2021-08-2808:38:46 PM-helper.py-DEBUG:Found loader <ioc.loader.YamlLoader object at 0x000001FC5C5CFB38> for file C:/Users/84307/Desktop/three_plc/service.yml]
[2021-08-2808:38:46 PM-component.py-DEBUG:Start building the container]
[2021-08-2808:38:46 PM-component.py-DEBUG:Create instance for <class 'plc.FX3U.FX3U'>]
[2021-08-2808:38:46 PM-component.py-DEBUG:End creating instance <plc.FX3U.FX3U object at 0x000001FC5C679358>]
[2021-08-2808:38:46 PM-component.py-DEBUG:Building container is over!]
[2021-08-2808:38:46 PM-component.py-DEBUG:Starting resolving all parameters!]
[2021-08-2808:38:46 PM-component.py-DEBUG:End resolving all parameters!]
[2021-08-2808:41:58 PM-component.py-DEBUG:End creating instance <plc.FX3U.FX3U object at 0x00000208146F56A0>]
[2021-08-2808:41:58 PM-component.py-DEBUG:Building container is over!]
[2021-08-2808:41:58 PM-component.py-DEBUG:Starting resolving all parameters!]
[2021-08-2808:41:58 PM-component.py-DEBUG:End resolving all parameters!]
[2021-08-2808:42:20 PM-component.py-DEBUG:End creating instance <plc.FX3U.FX3U object at 0x000001C2EF40E630>]
[2021-08-2808:42:20 PM-component.py-DEBUG:Building container is over!]
[2021-08-2808:42:20 PM-component.py-DEBUG:Starting resolving all parameters!]
[2021-08-2808:42:20 PM-component.py-DEBUG:End resolving all parameters!]
[2021-08-2808:42:31 PM-component.py-DEBUG:End creating instance <plc.FX3U.FX3U object at 0x0000020877CB6EF0>]
[2021-08-2808:42:31 PM-component.py-DEBUG:Building container is over!]
[2021-08-2808:42:31 PM-component.py-DEBUG:Starting resolving all parameters!]
[2021-08-2808:42:31 PM-component.py-DEBUG:End resolving all parameters!]
[2021-08-2808:43:14 PM-component.py-DEBUG:End creating instance <plc.FX3U.FX3U object at 0x0000013F1CA85668>]
[2021-08-2808:43:14 PM-component.py-DEBUG:Building container is over!]
[2021-08-2808:43:14 PM-component.py-DEBUG:Starting resolving all parameters!]
[2021-08-2808:43:14 PM-component.py-DEBUG:End resolving all parameters!]
[2021-08-2808:43:28 PM-helper.py-DEBUG:Loading files]
[2021-08-2808:43:28 PM-helper.py-DEBUG:Search loader for file C:/Users/84307/Desktop/three_plc/service.yml]
[2021-08-2808:43:28 PM-helper.py-DEBUG:Found loader <ioc.loader.YamlLoader object at 0x0000013F271C9828> for file C:/Users/84307/Desktop/three_plc/service.yml]
[2021-08-2808:43:28 PM-component.py-DEBUG:Start building the container]
[2021-08-2808:43:28 PM-component.py-DEBUG:Create instance for <class 'plc.FX3U.FX3U'>]
[2021-08-2808:43:28 PM-component.py-DEBUG:End creating instance <plc.FX3U.FX3U object at 0x0000013F1CA85A20>]
[2021-08-2808:43:28 PM-component.py-DEBUG:Building container is over!]
[2021-08-2808:43:28 PM-component.py-DEBUG:Starting resolving all parameters!]
[2021-08-2808:43:28 PM-component.py-DEBUG:End resolving all parameters!]
[2021-08-2809:23:00 PM-component.py-DEBUG:End creating instance <plc.FX3U.FX3U object at 0x000002173A96CC88>]
[2021-08-2809:23:00 PM-component.py-DEBUG:Building container is over!]
[2021-08-2809:23:00 PM-component.py-DEBUG:Starting resolving all parameters!]
[2021-08-2809:23:00 PM-component.py-DEBUG:End resolving all parameters!]
[2021-08-2809:23:18 PM-component.py-DEBUG:End creating instance <plc.FX3U.FX3U object at 0x000001ED2AA6E9E8>]
[2021-08-2809:23:18 PM-component.py-DEBUG:Building container is over!]
[2021-08-2809:23:18 PM-component.py-DEBUG:Starting resolving all parameters!]
[2021-08-2809:23:18 PM-component.py-DEBUG:End resolving all parameters!]
[2021-08-2809:23:19 PM-helper.py-DEBUG:Loading files]
[2021-08-2809:23:19 PM-helper.py-DEBUG:Search loader for file C:\Users\84307\Desktop\three_plc\service.yml]
[2021-08-2809:23:19 PM-helper.py-DEBUG:Found loader <ioc.loader.YamlLoader object at 0x000001ED2AA6E828> for file C:\Users\84307\Desktop\three_plc\service.yml]
[2021-08-2809:23:19 PM-component.py-DEBUG:Start building the container]
[2021-08-2809:23:19 PM-component.py-DEBUG:Create instance for <class 'plc.FX3U.FX3U'>]
[2021-08-2809:23:19 PM-component.py-DEBUG:End creating instance <plc.FX3U.FX3U object at 0x000001ED2AA6ED30>]
[2021-08-2809:23:19 PM-component.py-DEBUG:Building container is over!]
[2021-08-2809:23:19 PM-component.py-DEBUG:Starting resolving all parameters!]
[2021-08-2809:23:19 PM-component.py-DEBUG:End resolving all parameters!]
[2021-08-2809:23:21 PM-helper.py-DEBUG:Loading files]
[2021-08-2809:23:21 PM-helper.py-DEBUG:Search loader for file C:\Users\84307\Desktop\three_plc\service.yml]
[2021-08-2809:23:21 PM-helper.py-DEBUG:Found loader <ioc.loader.YamlLoader object at 0x000001ED2AA6E828> for file C:\Users\84307\Desktop\three_plc\service.yml]
[2021-08-2809:23:21 PM-component.py-DEBUG:Start building the container]
[2021-08-2809:23:21 PM-component.py-DEBUG:Create instance for <class 'plc.FX3U.FX3U'>]
[2021-08-2809:23:21 PM-component.py-DEBUG:End creating instance <plc.FX3U.FX3U object at 0x000001ED2AA7DB70>]
[2021-08-2809:23:21 PM-component.py-DEBUG:Building container is over!]
[2021-08-2809:23:21 PM-component.py-DEBUG:Starting resolving all parameters!]
[2021-08-2809:23:21 PM-component.py-DEBUG:End resolving all parameters!]
[2021-08-2809:23:23 PM-helper.py-DEBUG:Loading files]
[2021-08-2809:23:23 PM-helper.py-DEBUG:Search loader for file C:\Users\84307\Desktop\three_plc\service.yml]
[2021-08-2809:23:23 PM-helper.py-DEBUG:Found loader <ioc.loader.YamlLoader object at 0x000001ED2AA5CD30> for file C:\Users\84307\Desktop\three_plc\service.yml]
[2021-08-2809:23:23 PM-component.py-DEBUG:Start building the container]
[2021-08-2809:23:23 PM-component.py-DEBUG:Create instance for <class 'plc.FX3U.FX3U'>]
[2021-08-2809:23:23 PM-component.py-DEBUG:End creating instance <plc.FX3U.FX3U object at 0x000001ED2AA7D908>]
[2021-08-2809:23:23 PM-component.py-DEBUG:Building container is over!]
[2021-08-2809:23:23 PM-component.py-DEBUG:Starting resolving all parameters!]
[2021-08-2809:23:23 PM-component.py-DEBUG:End resolving all parameters!]
[2021-08-2809:23:52 PM-component.py-DEBUG:End creating instance <plc.FX3U.FX3U object at 0x000001C811DE5E10>]
[2021-08-2809:23:52 PM-component.py-DEBUG:Building container is over!]
[2021-08-2809:23:52 PM-component.py-DEBUG:Starting resolving all parameters!]
[2021-08-2809:23:52 PM-component.py-DEBUG:End resolving all parameters!]
[2021-08-2809:23:59 PM-helper.py-DEBUG:Loading files]
[2021-08-2809:23:59 PM-helper.py-DEBUG:Search loader for file C:\Users\84307\Desktop\three_plc\service.yml]
[2021-08-2809:23:59 PM-helper.py-DEBUG:Found loader <ioc.loader.YamlLoader object at 0x000001C819AD5780> for file C:\Users\84307\Desktop\three_plc\service.yml]
[2021-08-2809:23:59 PM-component.py-DEBUG:Start building the container]
[2021-08-2809:23:59 PM-component.py-DEBUG:Create instance for <class 'plc.FX3U.FX3U'>]
[2021-08-2809:23:59 PM-component.py-DEBUG:End creating instance <plc.FX3U.FX3U object at 0x000001C80F396668>]
[2021-08-2809:23:59 PM-component.py-DEBUG:Building container is over!]
[2021-08-2809:23:59 PM-component.py-DEBUG:Starting resolving all parameters!]
[2021-08-2809:23:59 PM-component.py-DEBUG:End resolving all parameters!]
[2021-08-2809:24:07 PM-helper.py-DEBUG:Loading files]
[2021-08-2809:24:07 PM-helper.py-DEBUG:Search loader for file C:\Users\84307\Desktop\three_plc\service.yml]
[2021-08-2809:24:07 PM-helper.py-DEBUG:Found loader <ioc.loader.YamlLoader object at 0x000001C819ACABE0> for file C:\Users\84307\Desktop\three_plc\service.yml]
[2021-08-2809:24:07 PM-component.py-DEBUG:Start building the container]
[2021-08-2809:24:07 PM-component.py-DEBUG:Create instance for <class 'plc.FX3U.FX3U'>]
[2021-08-2809:24:07 PM-component.py-DEBUG:End creating instance <plc.FX3U.FX3U object at 0x000001C819AD5F28>]
[2021-08-2809:24:07 PM-component.py-DEBUG:Building container is over!]
[2021-08-2809:24:07 PM-component.py-DEBUG:Starting resolving all parameters!]
[2021-08-2809:24:07 PM-component.py-DEBUG:End resolving all parameters!]
[2021-08-2809:24:20 PM-helper.py-DEBUG:Loading files]
[2021-08-2809:24:20 PM-helper.py-DEBUG:Search loader for file C:\Users\84307\Desktop\three_plc\service.yml]
[2021-08-2809:24:20 PM-helper.py-DEBUG:Found loader <ioc.loader.YamlLoader object at 0x000001C811B314E0> for file C:\Users\84307\Desktop\three_plc\service.yml]
[2021-08-2809:24:20 PM-component.py-DEBUG:Start building the container]
[2021-08-2809:24:20 PM-component.py-DEBUG:Create instance for <class 'plc.FX3U.FX3U'>]
[2021-08-2809:24:20 PM-component.py-DEBUG:End creating instance <plc.FX3U.FX3U object at 0x000001C819AE7860>]
[2021-08-2809:24:20 PM-component.py-DEBUG:Building container is over!]
[2021-08-2809:24:20 PM-component.py-DEBUG:Starting resolving all parameters!]
[2021-08-2809:24:20 PM-component.py-DEBUG:End resolving all parameters!]
[2021-08-2809:28:35 PM-component.py-DEBUG:End creating instance <plc.FX3U.FX3U object at 0x000001F927DAEB00>]
[2021-08-2809:28:35 PM-component.py-DEBUG:Building container is over!]
[2021-08-2809:28:35 PM-component.py-DEBUG:Starting resolving all parameters!]
[2021-08-2809:28:35 PM-component.py-DEBUG:End resolving all parameters!]
[2021-08-2809:28:36 PM-helper.py-DEBUG:Loading files]
[2021-08-2809:28:36 PM-helper.py-DEBUG:Search loader for file C:\Users\84307\Desktop\three_plc\service.yml]
[2021-08-2809:28:36 PM-helper.py-DEBUG:Found loader <ioc.loader.YamlLoader object at 0x000001F927DAE828> for file C:\Users\84307\Desktop\three_plc\service.yml]
[2021-08-2809:28:36 PM-component.py-DEBUG:Start building the container]
[2021-08-2809:28:36 PM-component.py-DEBUG:Create instance for <class 'plc.FX3U.FX3U'>]
[2021-08-2809:28:36 PM-component.py-DEBUG:End creating instance <plc.FX3U.FX3U object at 0x000001F927DAEE48>]
[2021-08-2809:28:36 PM-component.py-DEBUG:Building container is over!]
[2021-08-2809:28:36 PM-component.py-DEBUG:Starting resolving all parameters!]
[2021-08-2809:28:36 PM-component.py-DEBUG:End resolving all parameters!]
[2021-08-2809:28:37 PM-helper.py-DEBUG:Loading files]
[2021-08-2809:28:37 PM-helper.py-DEBUG:Search loader for file C:\Users\84307\Desktop\three_plc\service.yml]
[2021-08-2809:28:37 PM-helper.py-DEBUG:Found loader <ioc.loader.YamlLoader object at 0x000001F927DAE828> for file C:\Users\84307\Desktop\three_plc\service.yml]
[2021-08-2809:28:37 PM-component.py-DEBUG:Start building the container]
[2021-08-2809:28:37 PM-component.py-DEBUG:Create instance for <class 'plc.FX3U.FX3U'>]
[2021-08-2809:28:37 PM-component.py-DEBUG:End creating instance <plc.FX3U.FX3U object at 0x000001F927DBE828>]
[2021-08-2809:28:37 PM-component.py-DEBUG:Building container is over!]
[2021-08-2809:28:37 PM-component.py-DEBUG:Starting resolving all parameters!]
[2021-08-2809:28:37 PM-component.py-DEBUG:End resolving all parameters!]
[2021-08-2809:28:37 PM-helper.py-DEBUG:Loading files]
[2021-08-2809:28:37 PM-helper.py-DEBUG:Search loader for file C:\Users\84307\Desktop\three_plc\service.yml]
[2021-08-2809:28:37 PM-helper.py-DEBUG:Found loader <ioc.loader.YamlLoader object at 0x000001F927CCCE48> for file C:\Users\84307\Desktop\three_plc\service.yml]
[2021-08-2809:28:37 PM-component.py-DEBUG:Start building the container]
[2021-08-2809:28:37 PM-component.py-DEBUG:Create instance for <class 'plc.FX3U.FX3U'>]
[2021-08-2809:28:37 PM-component.py-DEBUG:End creating instance <plc.FX3U.FX3U object at 0x000001F927DBE748>]
[2021-08-2809:28:37 PM-component.py-DEBUG:Building container is over!]
[2021-08-2809:28:37 PM-component.py-DEBUG:Starting resolving all parameters!]
[2021-08-2809:28:37 PM-component.py-DEBUG:End resolving all parameters!]
[2021-08-2809:29:19 PM-component.py-DEBUG:End creating instance <plc.FX3U.FX3U object at 0x000001577CFBEA90>]
[2021-08-2809:29:19 PM-component.py-DEBUG:Building container is over!]
[2021-08-2809:29:19 PM-component.py-DEBUG:Starting resolving all parameters!]
[2021-08-2809:29:19 PM-component.py-DEBUG:End resolving all parameters!]
[2021-08-2809:29:20 PM-helper.py-DEBUG:Loading files]
[2021-08-2809:29:20 PM-helper.py-DEBUG:Search loader for file C:\Users\84307\Desktop\three_plc\service.yml]
[2021-08-2809:29:20 PM-helper.py-DEBUG:Found loader <ioc.loader.YamlLoader object at 0x000001577CFBE8D0> for file C:\Users\84307\Desktop\three_plc\service.yml]
[2021-08-2809:29:20 PM-component.py-DEBUG:Start building the container]
[2021-08-2809:29:20 PM-component.py-DEBUG:Create instance for <class 'plc.FX3U.FX3U'>]
[2021-08-2809:29:20 PM-component.py-DEBUG:End creating instance <plc.FX3U.FX3U object at 0x000001577CFBEDD8>]
[2021-08-2809:29:20 PM-component.py-DEBUG:Building container is over!]
[2021-08-2809:29:20 PM-component.py-DEBUG:Starting resolving all parameters!]
[2021-08-2809:29:20 PM-component.py-DEBUG:End resolving all parameters!]
[2021-08-2809:29:20 PM-helper.py-DEBUG:Loading files]
[2021-08-2809:29:20 PM-helper.py-DEBUG:Search loader for file C:\Users\84307\Desktop\three_plc\service.yml]
[2021-08-2809:29:20 PM-helper.py-DEBUG:Found loader <ioc.loader.YamlLoader object at 0x000001577CFBE8D0> for file C:\Users\84307\Desktop\three_plc\service.yml]
[2021-08-2809:29:20 PM-component.py-DEBUG:Start building the container]
[2021-08-2809:29:20 PM-component.py-DEBUG:Create instance for <class 'plc.FX3U.FX3U'>]
[2021-08-2809:29:20 PM-component.py-DEBUG:End creating instance <plc.FX3U.FX3U object at 0x000001577CFD2BE0>]
[2021-08-2809:29:20 PM-component.py-DEBUG:Building container is over!]
[2021-08-2809:29:20 PM-component.py-DEBUG:Starting resolving all parameters!]
[2021-08-2809:29:20 PM-component.py-DEBUG:End resolving all parameters!]
[2021-08-2809:29:21 PM-helper.py-DEBUG:Loading files]
[2021-08-2809:29:21 PM-helper.py-DEBUG:Search loader for file C:\Users\84307\Desktop\three_plc\service.yml]
[2021-08-2809:29:21 PM-helper.py-DEBUG:Found loader <ioc.loader.YamlLoader object at 0x000001577CFACD30> for file C:\Users\84307\Desktop\three_plc\service.yml]
[2021-08-2809:29:21 PM-component.py-DEBUG:Start building the container]
[2021-08-2809:29:21 PM-component.py-DEBUG:Create instance for <class 'plc.FX3U.FX3U'>]
[2021-08-2809:29:21 PM-component.py-DEBUG:End creating instance <plc.FX3U.FX3U object at 0x000001577CFD2978>]
[2021-08-2809:29:21 PM-component.py-DEBUG:Building container is over!]
[2021-08-2809:29:21 PM-component.py-DEBUG:Starting resolving all parameters!]
[2021-08-2809:29:21 PM-component.py-DEBUG:End resolving all parameters!]
[2021-08-2809:29:34 PM-component.py-DEBUG:End creating instance <plc.FX3U.FX3U object at 0x000001AF475275F8>]
[2021-08-2809:29:34 PM-component.py-DEBUG:Building container is over!]
[2021-08-2809:29:34 PM-component.py-DEBUG:Starting resolving all parameters!]
[2021-08-2809:29:34 PM-component.py-DEBUG:End resolving all parameters!]
[2021-08-2809:29:53 PM-helper.py-DEBUG:Loading files]
[2021-08-2809:29:53 PM-helper.py-DEBUG:Search loader for file C:\Users\84307\Desktop\three_plc\service.yml]
[2021-08-2809:29:53 PM-helper.py-DEBUG:Found loader <ioc.loader.YamlLoader object at 0x000001AF51C5EA90> for file C:\Users\84307\Desktop\three_plc\service.yml]
[2021-08-2809:29:53 PM-component.py-DEBUG:Start building the container]
[2021-08-2809:29:53 PM-component.py-DEBUG:Create instance for <class 'plc.FX3U.FX3U'>]
[2021-08-2809:29:53 PM-component.py-DEBUG:End creating instance <plc.FX3U.FX3U object at 0x000001AF51C594A8>]
[2021-08-2809:29:53 PM-component.py-DEBUG:Building container is over!]
[2021-08-2809:29:53 PM-component.py-DEBUG:Starting resolving all parameters!]
[2021-08-2809:29:53 PM-component.py-DEBUG:End resolving all parameters!]
[2021-08-2809:35:54 PM-component.py-DEBUG:End creating instance <plc.FX3U.FX3U object at 0x000001C086BCB828>]
[2021-08-2809:35:54 PM-component.py-DEBUG:Building container is over!]
[2021-08-2809:35:54 PM-component.py-DEBUG:Starting resolving all parameters!]
[2021-08-2809:35:54 PM-component.py-DEBUG:End resolving all parameters!]
[2021-08-2809:35:55 PM-helper.py-DEBUG:Loading files]
[2021-08-2809:35:55 PM-helper.py-DEBUG:Search loader for file C:\Users\84307\Desktop\three_plc\service.yml]
[2021-08-2809:35:55 PM-helper.py-DEBUG:Found loader <ioc.loader.YamlLoader object at 0x000001C086BCB898> for file C:\Users\84307\Desktop\three_plc\service.yml]
[2021-08-2809:35:55 PM-component.py-DEBUG:Start building the container]
[2021-08-2809:35:55 PM-component.py-DEBUG:Create instance for <class 'plc.FX3U.FX3U'>]
[2021-08-2809:35:55 PM-component.py-DEBUG:End creating instance <plc.FX3U.FX3U object at 0x000001C086BDE860>]
[2021-08-2809:35:55 PM-component.py-DEBUG:Building container is over!]
[2021-08-2809:35:55 PM-component.py-DEBUG:Starting resolving all parameters!]
[2021-08-2809:35:55 PM-component.py-DEBUG:End resolving all parameters!]
[2021-08-2809:35:56 PM-helper.py-DEBUG:Loading files]
[2021-08-2809:35:56 PM-helper.py-DEBUG:Search loader for file C:\Users\84307\Desktop\three_plc\service.yml]
[2021-08-2809:35:56 PM-helper.py-DEBUG:Found loader <ioc.loader.YamlLoader object at 0x000001C0FFF508D0> for file C:\Users\84307\Desktop\three_plc\service.yml]
[2021-08-2809:35:56 PM-component.py-DEBUG:Start building the container]
[2021-08-2809:35:56 PM-component.py-DEBUG:Create instance for <class 'plc.FX3U.FX3U'>]
[2021-08-2809:35:56 PM-component.py-DEBUG:End creating instance <plc.FX3U.FX3U object at 0x000001C086BDE8D0>]
[2021-08-2809:35:56 PM-component.py-DEBUG:Building container is over!]
[2021-08-2809:35:56 PM-component.py-DEBUG:Starting resolving all parameters!]
[2021-08-2809:35:56 PM-component.py-DEBUG:End resolving all parameters!]
[2021-08-2809:35:57 PM-helper.py-DEBUG:Loading files]
[2021-08-2809:35:57 PM-helper.py-DEBUG:Search loader for file C:\Users\84307\Desktop\three_plc\service.yml]
[2021-08-2809:35:57 PM-helper.py-DEBUG:Found loader <ioc.loader.YamlLoader object at 0x000001C086BCB898> for file C:\Users\84307\Desktop\three_plc\service.yml]
[2021-08-2809:35:57 PM-component.py-DEBUG:Start building the container]
[2021-08-2809:35:57 PM-component.py-DEBUG:Create instance for <class 'plc.FX3U.FX3U'>]
[2021-08-2809:35:57 PM-component.py-DEBUG:End creating instance <plc.FX3U.FX3U object at 0x000001C086BDEB70>]
[2021-08-2809:35:57 PM-component.py-DEBUG:Building container is over!]
[2021-08-2809:35:57 PM-component.py-DEBUG:Starting resolving all parameters!]
[2021-08-2809:35:57 PM-component.py-DEBUG:End resolving all parameters!]
[2021-08-2809:35:58 PM-helper.py-DEBUG:Loading files]
[2021-08-2809:35:58 PM-helper.py-DEBUG:Search loader for file C:\Users\84307\Desktop\three_plc\service.yml]
[2021-08-2809:35:58 PM-helper.py-DEBUG:Found loader <ioc.loader.YamlLoader object at 0x000001C0FFF508D0> for file C:\Users\84307\Desktop\three_plc\service.yml]
[2021-08-2809:35:58 PM-component.py-DEBUG:Start building the container]
[2021-08-2809:35:58 PM-component.py-DEBUG:Create instance for <class 'plc.FX3U.FX3U'>]
[2021-08-2809:35:58 PM-component.py-DEBUG:End creating instance <plc.FX3U.FX3U object at 0x000001C086BDEC50>]
[2021-08-2809:35:58 PM-component.py-DEBUG:Building container is over!]
[2021-08-2809:35:58 PM-component.py-DEBUG:Starting resolving all parameters!]
[2021-08-2809:35:58 PM-component.py-DEBUG:End resolving all parameters!]
[2021-08-2809:35:58 PM-helper.py-DEBUG:Loading files]
[2021-08-2809:35:58 PM-helper.py-DEBUG:Search loader for file C:\Users\84307\Desktop\three_plc\service.yml]
[2021-08-2809:35:58 PM-helper.py-DEBUG:Found loader <ioc.loader.YamlLoader object at 0x000001C086BCB898> for file C:\Users\84307\Desktop\three_plc\service.yml]
[2021-08-2809:35:58 PM-component.py-DEBUG:Start building the container]
[2021-08-2809:35:58 PM-component.py-DEBUG:Create instance for <class 'plc.FX3U.FX3U'>]
[2021-08-2809:35:58 PM-component.py-DEBUG:End creating instance <plc.FX3U.FX3U object at 0x000001C086BDE710>]
[2021-08-2809:35:58 PM-component.py-DEBUG:Building container is over!]
[2021-08-2809:35:58 PM-component.py-DEBUG:Starting resolving all parameters!]
[2021-08-2809:35:58 PM-component.py-DEBUG:End resolving all parameters!]
[2021-08-2809:35:59 PM-helper.py-DEBUG:Loading files]
[2021-08-2809:35:59 PM-helper.py-DEBUG:Search loader for file C:\Users\84307\Desktop\three_plc\service.yml]
[2021-08-2809:35:59 PM-helper.py-DEBUG:Found loader <ioc.loader.YamlLoader object at 0x000001C0FFF508D0> for file C:\Users\84307\Desktop\three_plc\service.yml]
[2021-08-2809:35:59 PM-component.py-DEBUG:Start building the container]
[2021-08-2809:35:59 PM-component.py-DEBUG:Create instance for <class 'plc.FX3U.FX3U'>]
[2021-08-2809:35:59 PM-component.py-DEBUG:End creating instance <plc.FX3U.FX3U object at 0x000001C086BDEB38>]
[2021-08-2809:35:59 PM-component.py-DEBUG:Building container is over!]
[2021-08-2809:35:59 PM-component.py-DEBUG:Starting resolving all parameters!]
[2021-08-2809:35:59 PM-component.py-DEBUG:End resolving all parameters!]
[2021-08-2809:35:59 PM-helper.py-DEBUG:Loading files]
[2021-08-2809:35:59 PM-helper.py-DEBUG:Search loader for file C:\Users\84307\Desktop\three_plc\service.yml]
[2021-08-2809:35:59 PM-helper.py-DEBUG:Found loader <ioc.loader.YamlLoader object at 0x000001C086BCB898> for file C:\Users\84307\Desktop\three_plc\service.yml]
[2021-08-2809:35:59 PM-component.py-DEBUG:Start building the container]
[2021-08-2809:35:59 PM-component.py-DEBUG:Create instance for <class 'plc.FX3U.FX3U'>]
[2021-08-2809:35:59 PM-component.py-DEBUG:End creating instance <plc.FX3U.FX3U object at 0x000001C086BDECC0>]
[2021-08-2809:35:59 PM-component.py-DEBUG:Building container is over!]
[2021-08-2809:35:59 PM-component.py-DEBUG:Starting resolving all parameters!]
[2021-08-2809:35:59 PM-component.py-DEBUG:End resolving all parameters!]
[2021-08-2809:35:59 PM-helper.py-DEBUG:Loading files]
[2021-08-2809:35:59 PM-helper.py-DEBUG:Search loader for file C:\Users\84307\Desktop\three_plc\service.yml]
[2021-08-2809:35:59 PM-helper.py-DEBUG:Found loader <ioc.loader.YamlLoader object at 0x000001C0FFF508D0> for file C:\Users\84307\Desktop\three_plc\service.yml]
[2021-08-2809:35:59 PM-component.py-DEBUG:Start building the container]
[2021-08-2809:35:59 PM-component.py-DEBUG:Create instance for <class 'plc.FX3U.FX3U'>]
[2021-08-2809:35:59 PM-component.py-DEBUG:End creating instance <plc.FX3U.FX3U object at 0x000001C086BDEE48>]
[2021-08-2809:35:59 PM-component.py-DEBUG:Building container is over!]
[2021-08-2809:35:59 PM-component.py-DEBUG:Starting resolving all parameters!]
[2021-08-2809:35:59 PM-component.py-DEBUG:End resolving all parameters!]
[2021-08-2809:36:00 PM-helper.py-DEBUG:Loading files]
[2021-08-2809:36:00 PM-helper.py-DEBUG:Search loader for file C:\Users\84307\Desktop\three_plc\service.yml]
[2021-08-2809:36:00 PM-helper.py-DEBUG:Found loader <ioc.loader.YamlLoader object at 0x000001C086BCB898> for file C:\Users\84307\Desktop\three_plc\service.yml]
[2021-08-2809:36:00 PM-component.py-DEBUG:Start building the container]
[2021-08-2809:36:00 PM-component.py-DEBUG:Create instance for <class 'plc.FX3U.FX3U'>]
[2021-08-2809:36:00 PM-component.py-DEBUG:End creating instance <plc.FX3U.FX3U object at 0x000001C086BDEBA8>]
[2021-08-2809:36:00 PM-component.py-DEBUG:Building container is over!]
[2021-08-2809:36:00 PM-component.py-DEBUG:Starting resolving all parameters!]
[2021-08-2809:36:00 PM-component.py-DEBUG:End resolving all parameters!]
[2021-08-2809:36:00 PM-helper.py-DEBUG:Loading files]
[2021-08-2809:36:00 PM-helper.py-DEBUG:Search loader for file C:\Users\84307\Desktop\three_plc\service.yml]
[2021-08-2809:36:00 PM-helper.py-DEBUG:Found loader <ioc.loader.YamlLoader object at 0x000001C0FFF508D0> for file C:\Users\84307\Desktop\three_plc\service.yml]
[2021-08-2809:36:00 PM-component.py-DEBUG:Start building the container]
[2021-08-2809:36:00 PM-component.py-DEBUG:Create instance for <class 'plc.FX3U.FX3U'>]
[2021-08-2809:36:00 PM-component.py-DEBUG:End creating instance <plc.FX3U.FX3U object at 0x000001C086BDEDA0>]
[2021-08-2809:36:00 PM-component.py-DEBUG:Building container is over!]
[2021-08-2809:36:00 PM-component.py-DEBUG:Starting resolving all parameters!]
[2021-08-2809:36:00 PM-component.py-DEBUG:End resolving all parameters!]
[2021-08-2809:36:00 PM-helper.py-DEBUG:Loading files]
[2021-08-2809:36:00 PM-helper.py-DEBUG:Search loader for file C:\Users\84307\Desktop\three_plc\service.yml]
[2021-08-2809:36:00 PM-helper.py-DEBUG:Found loader <ioc.loader.YamlLoader object at 0x000001C086BCB9B0> for file C:\Users\84307\Desktop\three_plc\service.yml]
[2021-08-2809:36:00 PM-component.py-DEBUG:Start building the container]
[2021-08-2809:36:00 PM-component.py-DEBUG:Create instance for <class 'plc.FX3U.FX3U'>]
[2021-08-2809:36:00 PM-component.py-DEBUG:End creating instance <plc.FX3U.FX3U object at 0x000001C086BDE940>]
[2021-08-2809:36:00 PM-component.py-DEBUG:Building container is over!]
[2021-08-2809:36:00 PM-component.py-DEBUG:Starting resolving all parameters!]
[2021-08-2809:36:00 PM-component.py-DEBUG:End resolving all parameters!]
[2021-08-2809:36:01 PM-helper.py-DEBUG:Loading files]
[2021-08-2809:36:01 PM-helper.py-DEBUG:Search loader for file C:\Users\84307\Desktop\three_plc\service.yml]
[2021-08-2809:36:01 PM-helper.py-DEBUG:Found loader <ioc.loader.YamlLoader object at 0x000001C086BCB898> for file C:\Users\84307\Desktop\three_plc\service.yml]
[2021-08-2809:36:01 PM-component.py-DEBUG:Start building the container]
[2021-08-2809:36:01 PM-component.py-DEBUG:Create instance for <class 'plc.FX3U.FX3U'>]
[2021-08-2809:36:01 PM-component.py-DEBUG:End creating instance <plc.FX3U.FX3U object at 0x000001C086BEA390>]
[2021-08-2809:36:01 PM-component.py-DEBUG:Building container is over!]
[2021-08-2809:36:01 PM-component.py-DEBUG:Starting resolving all parameters!]
[2021-08-2809:36:01 PM-component.py-DEBUG:End resolving all parameters!]
[2021-08-2809:40:22 PM-component.py-DEBUG:End creating instance <plc.FX3U.FX3U object at 0x000001B02244C898>]
[2021-08-2809:40:22 PM-component.py-DEBUG:Building container is over!]
[2021-08-2809:40:22 PM-component.py-DEBUG:Starting resolving all parameters!]
[2021-08-2809:40:22 PM-component.py-DEBUG:End resolving all parameters!]
[2021-08-2809:40:23 PM-helper.py-DEBUG:Loading files]
[2021-08-2809:40:23 PM-helper.py-DEBUG:Search loader for file C:\Users\84307\Desktop\three_plc\service.yml]
[2021-08-2809:40:23 PM-helper.py-DEBUG:Found loader <ioc.loader.YamlLoader object at 0x000001B02244CB00> for file C:\Users\84307\Desktop\three_plc\service.yml]
[2021-08-2809:40:23 PM-component.py-DEBUG:Start building the container]
[2021-08-2809:40:23 PM-component.py-DEBUG:Create instance for <class 'plc.FX3U.FX3U'>]
[2021-08-2809:40:23 PM-component.py-DEBUG:End creating instance <plc.FX3U.FX3U object at 0x000001B02244CCC0>]
[2021-08-2809:40:23 PM-component.py-DEBUG:Building container is over!]
[2021-08-2809:40:23 PM-component.py-DEBUG:Starting resolving all parameters!]
[2021-08-2809:40:23 PM-component.py-DEBUG:End resolving all parameters!]
[2021-08-2809:40:25 PM-helper.py-DEBUG:Loading files]
[2021-08-2809:40:25 PM-helper.py-DEBUG:Search loader for file C:\Users\84307\Desktop\three_plc\service.yml]
[2021-08-2809:40:25 PM-helper.py-DEBUG:Found loader <ioc.loader.YamlLoader object at 0x000001B02243ADD8> for file C:\Users\84307\Desktop\three_plc\service.yml]
[2021-08-2809:40:25 PM-component.py-DEBUG:Start building the container]
[2021-08-2809:40:25 PM-component.py-DEBUG:Create instance for <class 'plc.FX3U.FX3U'>]
[2021-08-2809:40:25 PM-component.py-DEBUG:End creating instance <plc.FX3U.FX3U object at 0x000001B029D87668>]
[2021-08-2809:40:25 PM-component.py-DEBUG:Building container is over!]
[2021-08-2809:40:25 PM-component.py-DEBUG:Starting resolving all parameters!]
[2021-08-2809:40:25 PM-component.py-DEBUG:End resolving all parameters!]
[2021-08-2809:40:25 PM-helper.py-DEBUG:Loading files]
[2021-08-2809:40:25 PM-helper.py-DEBUG:Search loader for file C:\Users\84307\Desktop\three_plc\service.yml]
[2021-08-2809:40:25 PM-helper.py-DEBUG:Found loader <ioc.loader.YamlLoader object at 0x000001B02244CB00> for file C:\Users\84307\Desktop\three_plc\service.yml]
[2021-08-2809:40:25 PM-component.py-DEBUG:Start building the container]
[2021-08-2809:40:25 PM-component.py-DEBUG:Create instance for <class 'plc.FX3U.FX3U'>]
[2021-08-2809:40:25 PM-component.py-DEBUG:End creating instance <plc.FX3U.FX3U object at 0x000001B029D87BE0>]
[2021-08-2809:40:25 PM-component.py-DEBUG:Building container is over!]
[2021-08-2809:40:25 PM-component.py-DEBUG:Starting resolving all parameters!]
[2021-08-2809:40:25 PM-component.py-DEBUG:End resolving all parameters!]
[2021-08-2809:40:32 PM-helper.py-DEBUG:Loading files]
[2021-08-2809:40:32 PM-helper.py-DEBUG:Search loader for file C:\Users\84307\Desktop\three_plc\service.yml]
[2021-08-2809:40:32 PM-helper.py-DEBUG:Found loader <ioc.loader.YamlLoader object at 0x000001B02243ADD8> for file C:\Users\84307\Desktop\three_plc\service.yml]
[2021-08-2809:40:32 PM-component.py-DEBUG:Start building the container]
[2021-08-2809:40:32 PM-component.py-DEBUG:Create instance for <class 'plc.FinsTcp.FinsTcp'>]
[2021-08-2809:40:32 PM-component.py-DEBUG:End creating instance <plc.FinsTcp.FinsTcp object at 0x000001B029D87D30>]
[2021-08-2809:40:32 PM-component.py-DEBUG:Building container is over!]
[2021-08-2809:40:32 PM-component.py-DEBUG:Starting resolving all parameters!]
[2021-08-2809:40:32 PM-component.py-DEBUG:End resolving all parameters!]
[2021-08-2809:40:34 PM-helper.py-DEBUG:Loading files]
[2021-08-2809:40:34 PM-helper.py-DEBUG:Search loader for file C:\Users\84307\Desktop\three_plc\service.yml]
[2021-08-2809:40:34 PM-helper.py-DEBUG:Found loader <ioc.loader.YamlLoader object at 0x000001B029D87EF0> for file C:\Users\84307\Desktop\three_plc\service.yml]
[2021-08-2809:40:34 PM-component.py-DEBUG:Start building the container]
[2021-08-2809:40:34 PM-component.py-DEBUG:Create instance for <class 'plc.FinsTcp.FinsTcp'>]
[2021-08-2809:40:34 PM-component.py-DEBUG:End creating instance <plc.FinsTcp.FinsTcp object at 0x000001B02244CB00>]
[2021-08-2809:40:34 PM-component.py-DEBUG:Building container is over!]
[2021-08-2809:40:34 PM-component.py-DEBUG:Starting resolving all parameters!]
[2021-08-2809:40:34 PM-component.py-DEBUG:End resolving all parameters!]
[2021-08-2809:40:36 PM-helper.py-DEBUG:Loading files]
[2021-08-2809:40:36 PM-helper.py-DEBUG:Search loader for file C:\Users\84307\Desktop\three_plc\service.yml]
[2021-08-2809:40:36 PM-helper.py-DEBUG:Found loader <ioc.loader.YamlLoader object at 0x000001B029D87AC8> for file C:\Users\84307\Desktop\three_plc\service.yml]
[2021-08-2809:40:36 PM-component.py-DEBUG:Start building the container]
[2021-08-2809:40:36 PM-component.py-DEBUG:Create instance for <class 'plc.FinsTcp.FinsTcp'>]
[2021-08-2809:40:36 PM-component.py-DEBUG:End creating instance <plc.FinsTcp.FinsTcp object at 0x000001B029D8F4A8>]
[2021-08-2809:40:36 PM-component.py-DEBUG:Building container is over!]
[2021-08-2809:40:36 PM-component.py-DEBUG:Starting resolving all parameters!]
[2021-08-2809:40:36 PM-component.py-DEBUG:End resolving all parameters!]
[2021-08-2809:40:38 PM-helper.py-DEBUG:Loading files]
[2021-08-2809:40:38 PM-helper.py-DEBUG:Search loader for file C:\Users\84307\Desktop\three_plc\service.yml]
[2021-08-2809:40:38 PM-helper.py-DEBUG:Found loader <ioc.loader.YamlLoader object at 0x000001B029D877B8> for file C:\Users\84307\Desktop\three_plc\service.yml]
[2021-08-2809:40:38 PM-component.py-DEBUG:Start building the container]
[2021-08-2809:40:38 PM-component.py-DEBUG:Create instance for <class 'plc.FinsTcp.FinsTcp'>]
[2021-08-2809:40:38 PM-component.py-DEBUG:End creating instance <plc.FinsTcp.FinsTcp object at 0x000001B02244C780>]
[2021-08-2809:40:38 PM-component.py-DEBUG:Building container is over!]
[2021-08-2809:40:38 PM-component.py-DEBUG:Starting resolving all parameters!]
[2021-08-2809:40:38 PM-component.py-DEBUG:End resolving all parameters!]
[2021-08-2809:40:56 PM-component.py-DEBUG:End creating instance <plc.FX3U.FX3U object at 0x00000201BA38E748>]
[2021-08-2809:40:56 PM-component.py-DEBUG:Building container is over!]
[2021-08-2809:40:56 PM-component.py-DEBUG:Starting resolving all parameters!]
[2021-08-2809:40:56 PM-component.py-DEBUG:End resolving all parameters!]
[2021-08-2809:40:57 PM-helper.py-DEBUG:Loading files]
[2021-08-2809:40:57 PM-helper.py-DEBUG:Search loader for file C:\Users\84307\Desktop\three_plc\service.yml]
[2021-08-2809:40:57 PM-helper.py-DEBUG:Found loader <ioc.loader.YamlLoader object at 0x00000201BA38E668> for file C:\Users\84307\Desktop\three_plc\service.yml]
[2021-08-2809:40:57 PM-component.py-DEBUG:Start building the container]
[2021-08-2809:40:57 PM-component.py-DEBUG:Create instance for <class 'plc.FX3U.FX3U'>]
[2021-08-2809:40:57 PM-component.py-DEBUG:End creating instance <plc.FX3U.FX3U object at 0x00000201BA38E978>]
[2021-08-2809:40:57 PM-component.py-DEBUG:Building container is over!]
[2021-08-2809:40:57 PM-component.py-DEBUG:Starting resolving all parameters!]
[2021-08-2809:40:57 PM-component.py-DEBUG:End resolving all parameters!]
[2021-08-2809:40:58 PM-helper.py-DEBUG:Loading files]
[2021-08-2809:40:58 PM-helper.py-DEBUG:Search loader for file C]
[2021-08-2809:40:58 PM-helper.py-DEBUG:Search loader for file :]
[2021-08-2809:40:58 PM-helper.py-DEBUG:Search loader for file \]
[2021-08-2809:40:58 PM-helper.py-DEBUG:Search loader for file U]
[2021-08-2809:40:58 PM-helper.py-DEBUG:Search loader for file s]
[2021-08-2809:40:58 PM-helper.py-DEBUG:Search loader for file e]
[2021-08-2809:40:58 PM-helper.py-DEBUG:Search loader for file r]
[2021-08-2809:40:58 PM-helper.py-DEBUG:Search loader for file s]
[2021-08-2809:40:58 PM-helper.py-DEBUG:Search loader for file \]
[2021-08-2809:40:58 PM-helper.py-DEBUG:Search loader for file 8]
[2021-08-2809:40:58 PM-helper.py-DEBUG:Search loader for file 4]
[2021-08-2809:40:58 PM-helper.py-DEBUG:Search loader for file 3]
[2021-08-2809:40:58 PM-helper.py-DEBUG:Search loader for file 0]
[2021-08-2809:40:58 PM-helper.py-DEBUG:Search loader for file 7]
[2021-08-2809:40:58 PM-helper.py-DEBUG:Search loader for file \]
[2021-08-2809:40:58 PM-helper.py-DEBUG:Search loader for file D]
[2021-08-2809:40:58 PM-helper.py-DEBUG:Search loader for file e]
[2021-08-2809:40:58 PM-helper.py-DEBUG:Search loader for file s]
[2021-08-2809:40:58 PM-helper.py-DEBUG:Search loader for file k]
[2021-08-2809:40:58 PM-helper.py-DEBUG:Search loader for file t]
[2021-08-2809:40:58 PM-helper.py-DEBUG:Search loader for file o]
[2021-08-2809:40:58 PM-helper.py-DEBUG:Search loader for file p]
[2021-08-2809:40:58 PM-helper.py-DEBUG:Search loader for file \]
[2021-08-2809:40:58 PM-helper.py-DEBUG:Search loader for file t]
[2021-08-2809:40:58 PM-helper.py-DEBUG:Search loader for file h]
[2021-08-2809:40:58 PM-helper.py-DEBUG:Search loader for file r]
[2021-08-2809:40:58 PM-helper.py-DEBUG:Search loader for file e]
[2021-08-2809:40:58 PM-helper.py-DEBUG:Search loader for file e]
[2021-08-2809:40:58 PM-helper.py-DEBUG:Search loader for file _]
[2021-08-2809:40:58 PM-helper.py-DEBUG:Search loader for file p]
[2021-08-2809:40:58 PM-helper.py-DEBUG:Search loader for file l]
[2021-08-2809:40:58 PM-helper.py-DEBUG:Search loader for file c]
[2021-08-2809:40:58 PM-helper.py-DEBUG:Search loader for file \]
[2021-08-2809:40:58 PM-helper.py-DEBUG:Search loader for file s]
[2021-08-2809:40:58 PM-helper.py-DEBUG:Search loader for file e]
[2021-08-2809:40:58 PM-helper.py-DEBUG:Search loader for file r]
[2021-08-2809:40:58 PM-helper.py-DEBUG:Search loader for file v]
[2021-08-2809:40:58 PM-helper.py-DEBUG:Search loader for file i]
[2021-08-2809:40:58 PM-helper.py-DEBUG:Search loader for file c]
[2021-08-2809:40:58 PM-helper.py-DEBUG:Search loader for file e]
[2021-08-2809:40:58 PM-helper.py-DEBUG:Search loader for file .]
[2021-08-2809:40:58 PM-helper.py-DEBUG:Search loader for file y]
[2021-08-2809:40:58 PM-helper.py-DEBUG:Search loader for file m]
[2021-08-2809:40:58 PM-helper.py-DEBUG:Search loader for file l]
[2021-08-2809:40:58 PM-component.py-DEBUG:Start building the container]
[2021-08-2809:40:58 PM-component.py-DEBUG:Building container is over!]
[2021-08-2809:40:58 PM-component.py-DEBUG:Starting resolving all parameters!]
[2021-08-2809:40:58 PM-component.py-DEBUG:End resolving all parameters!]
[2021-08-2809:41:06 PM-helper.py-DEBUG:Loading files]
[2021-08-2809:41:06 PM-helper.py-DEBUG:Search loader for file C:\Users\84307\Desktop\three_plc\service.yml]
[2021-08-2809:41:06 PM-helper.py-DEBUG:Found loader <ioc.loader.YamlLoader object at 0x00000201BA3A0668> for file C:\Users\84307\Desktop\three_plc\service.yml]
[2021-08-2809:41:06 PM-component.py-DEBUG:Start building the container]
[2021-08-2809:41:06 PM-component.py-DEBUG:Create instance for <class 'plc.FinsTcp.FinsTcp'>]
[2021-08-2809:41:06 PM-component.py-DEBUG:End creating instance <plc.FinsTcp.FinsTcp object at 0x00000201BA3A07B8>]
[2021-08-2809:41:06 PM-component.py-DEBUG:Building container is over!]
[2021-08-2809:41:06 PM-component.py-DEBUG:Starting resolving all parameters!]
[2021-08-2809:41:06 PM-component.py-DEBUG:End resolving all parameters!]
[2021-08-2809:41:07 PM-helper.py-DEBUG:Loading files]
[2021-08-2809:41:07 PM-helper.py-DEBUG:Search loader for file C:\Users\84307\Desktop\three_plc\service.yml]
[2021-08-2809:41:07 PM-helper.py-DEBUG:Found loader <ioc.loader.YamlLoader object at 0x00000201BA3A0E48> for file C:\Users\84307\Desktop\three_plc\service.yml]
[2021-08-2809:41:07 PM-component.py-DEBUG:Start building the container]
[2021-08-2809:41:07 PM-component.py-DEBUG:Create instance for <class 'plc.FinsTcp.FinsTcp'>]
[2021-08-2809:41:07 PM-component.py-DEBUG:End creating instance <plc.FinsTcp.FinsTcp object at 0x00000201BA3A0358>]
[2021-08-2809:41:07 PM-component.py-DEBUG:Building container is over!]
[2021-08-2809:41:07 PM-component.py-DEBUG:Starting resolving all parameters!]
[2021-08-2809:41:07 PM-component.py-DEBUG:End resolving all parameters!]
[2021-08-2809:41:08 PM-helper.py-DEBUG:Loading files]
[2021-08-2809:41:08 PM-helper.py-DEBUG:Search loader for file C]
[2021-08-2809:41:08 PM-helper.py-DEBUG:Search loader for file :]
[2021-08-2809:41:08 PM-helper.py-DEBUG:Search loader for file \]
[2021-08-2809:41:08 PM-helper.py-DEBUG:Search loader for file U]
[2021-08-2809:41:08 PM-helper.py-DEBUG:Search loader for file s]
[2021-08-2809:41:08 PM-helper.py-DEBUG:Search loader for file e]
[2021-08-2809:41:08 PM-helper.py-DEBUG:Search loader for file r]
[2021-08-2809:41:08 PM-helper.py-DEBUG:Search loader for file s]
[2021-08-2809:41:08 PM-helper.py-DEBUG:Search loader for file \]
[2021-08-2809:41:08 PM-helper.py-DEBUG:Search loader for file 8]
[2021-08-2809:41:08 PM-helper.py-DEBUG:Search loader for file 4]
[2021-08-2809:41:08 PM-helper.py-DEBUG:Search loader for file 3]
[2021-08-2809:41:08 PM-helper.py-DEBUG:Search loader for file 0]
[2021-08-2809:41:08 PM-helper.py-DEBUG:Search loader for file 7]
[2021-08-2809:41:08 PM-helper.py-DEBUG:Search loader for file \]
[2021-08-2809:41:08 PM-helper.py-DEBUG:Search loader for file D]
[2021-08-2809:41:08 PM-helper.py-DEBUG:Search loader for file e]
[2021-08-2809:41:08 PM-helper.py-DEBUG:Search loader for file s]
[2021-08-2809:41:08 PM-helper.py-DEBUG:Search loader for file k]
[2021-08-2809:41:08 PM-helper.py-DEBUG:Search loader for file t]
[2021-08-2809:41:08 PM-helper.py-DEBUG:Search loader for file o]
[2021-08-2809:41:08 PM-helper.py-DEBUG:Search loader for file p]
[2021-08-2809:41:08 PM-helper.py-DEBUG:Search loader for file \]
[2021-08-2809:41:08 PM-helper.py-DEBUG:Search loader for file t]
[2021-08-2809:41:08 PM-helper.py-DEBUG:Search loader for file h]
[2021-08-2809:41:08 PM-helper.py-DEBUG:Search loader for file r]
[2021-08-2809:41:08 PM-helper.py-DEBUG:Search loader for file e]
[2021-08-2809:41:08 PM-helper.py-DEBUG:Search loader for file e]
[2021-08-2809:41:08 PM-helper.py-DEBUG:Search loader for file _]
[2021-08-2809:41:08 PM-helper.py-DEBUG:Search loader for file p]
[2021-08-2809:41:08 PM-helper.py-DEBUG:Search loader for file l]
[2021-08-2809:41:08 PM-helper.py-DEBUG:Search loader for file c]
[2021-08-2809:41:08 PM-helper.py-DEBUG:Search loader for file \]
[2021-08-2809:41:08 PM-helper.py-DEBUG:Search loader for file s]
[2021-08-2809:41:08 PM-helper.py-DEBUG:Search loader for file e]
[2021-08-2809:41:08 PM-helper.py-DEBUG:Search loader for file r]
[2021-08-2809:41:08 PM-helper.py-DEBUG:Search loader for file v]
[2021-08-2809:41:08 PM-helper.py-DEBUG:Search loader for file i]
[2021-08-2809:41:08 PM-helper.py-DEBUG:Search loader for file c]
[2021-08-2809:41:08 PM-helper.py-DEBUG:Search loader for file e]
[2021-08-2809:41:08 PM-helper.py-DEBUG:Search loader for file .]
[2021-08-2809:41:08 PM-helper.py-DEBUG:Search loader for file y]
[2021-08-2809:41:08 PM-helper.py-DEBUG:Search loader for file m]
[2021-08-2809:41:08 PM-helper.py-DEBUG:Search loader for file l]
[2021-08-2809:41:08 PM-component.py-DEBUG:Start building the container]
[2021-08-2809:41:08 PM-component.py-DEBUG:Building container is over!]
[2021-08-2809:41:08 PM-component.py-DEBUG:Starting resolving all parameters!]
[2021-08-2809:41:08 PM-component.py-DEBUG:End resolving all parameters!]
[2021-08-2809:41:38 PM-component.py-DEBUG:End creating instance <plc.FX3U.FX3U object at 0x0000026C20BDB898>]
[2021-08-2809:41:38 PM-component.py-DEBUG:Building container is over!]
[2021-08-2809:41:38 PM-component.py-DEBUG:Starting resolving all parameters!]
[2021-08-2809:41:38 PM-component.py-DEBUG:End resolving all parameters!]
[2021-08-2809:41:46 PM-helper.py-DEBUG:Loading files]
[2021-08-2809:41:46 PM-helper.py-DEBUG:Search loader for file C:\Users\84307\Desktop\three_plc\service.yml]
[2021-08-2809:41:46 PM-helper.py-DEBUG:Found loader <ioc.loader.YamlLoader object at 0x0000026C20BDB908> for file C:\Users\84307\Desktop\three_plc\service.yml]
[2021-08-2809:41:46 PM-component.py-DEBUG:Start building the container]
[2021-08-2809:41:46 PM-component.py-DEBUG:Create instance for <class 'plc.FinsTcp.FinsTcp'>]
[2021-08-2809:41:46 PM-component.py-DEBUG:End creating instance <plc.FinsTcp.FinsTcp object at 0x0000026C20BEE748>]
[2021-08-2809:41:46 PM-component.py-DEBUG:Building container is over!]
[2021-08-2809:41:46 PM-component.py-DEBUG:Starting resolving all parameters!]
[2021-08-2809:41:46 PM-component.py-DEBUG:End resolving all parameters!]
[2021-08-2809:41:48 PM-helper.py-DEBUG:Loading files]
[2021-08-2809:41:48 PM-helper.py-DEBUG:Search loader for file C:\Users\84307\Desktop\three_plc\service.yml]
[2021-08-2809:41:48 PM-helper.py-DEBUG:Found loader <ioc.loader.YamlLoader object at 0x0000026C20BEEEF0> for file C:\Users\84307\Desktop\three_plc\service.yml]
[2021-08-2809:41:48 PM-component.py-DEBUG:Start building the container]
[2021-08-2809:41:48 PM-component.py-DEBUG:Create instance for <class 'plc.FinsTcp.FinsTcp'>]
[2021-08-2809:41:48 PM-component.py-DEBUG:End creating instance <plc.FinsTcp.FinsTcp object at 0x0000026C20BEE780>]
[2021-08-2809:41:48 PM-component.py-DEBUG:Building container is over!]
[2021-08-2809:41:48 PM-component.py-DEBUG:Starting resolving all parameters!]
[2021-08-2809:41:48 PM-component.py-DEBUG:End resolving all parameters!]
[2021-08-2809:41:49 PM-helper.py-DEBUG:Loading files]
[2021-08-2809:41:49 PM-helper.py-DEBUG:Search loader for file C:\Users\84307\Desktop\three_plc\service.yml]
[2021-08-2809:41:49 PM-helper.py-DEBUG:Found loader <ioc.loader.YamlLoader object at 0x0000026C20BEEB70> for file C:\Users\84307\Desktop\three_plc\service.yml]
[2021-08-2809:41:49 PM-component.py-DEBUG:Start building the container]
[2021-08-2809:41:49 PM-component.py-DEBUG:Create instance for <class 'plc.FinsTcp.FinsTcp'>]
[2021-08-2809:41:49 PM-component.py-DEBUG:End creating instance <plc.FinsTcp.FinsTcp object at 0x0000026C20BEEB38>]
[2021-08-2809:41:49 PM-component.py-DEBUG:Building container is over!]
[2021-08-2809:41:49 PM-component.py-DEBUG:Starting resolving all parameters!]
[2021-08-2809:41:49 PM-component.py-DEBUG:End resolving all parameters!]
[2021-08-2809:41:50 PM-helper.py-DEBUG:Loading files]
[2021-08-2809:41:50 PM-helper.py-DEBUG:Search loader for file C:\Users\84307\Desktop\three_plc\service.yml]
[2021-08-2809:41:50 PM-helper.py-DEBUG:Found loader <ioc.loader.YamlLoader object at 0x0000026C20BEEE48> for file C:\Users\84307\Desktop\three_plc\service.yml]
[2021-08-2809:41:50 PM-component.py-DEBUG:Start building the container]
[2021-08-2809:41:50 PM-component.py-DEBUG:Create instance for <class 'plc.FinsTcp.FinsTcp'>]
[2021-08-2809:41:50 PM-component.py-DEBUG:End creating instance <plc.FinsTcp.FinsTcp object at 0x0000026C20BEEFD0>]
[2021-08-2809:41:50 PM-component.py-DEBUG:Building container is over!]
[2021-08-2809:41:50 PM-component.py-DEBUG:Starting resolving all parameters!]
[2021-08-2809:41:50 PM-component.py-DEBUG:End resolving all parameters!]
[2021-08-2809:41:55 PM-helper.py-DEBUG:Loading files]
[2021-08-2809:41:55 PM-helper.py-DEBUG:Search loader for file C:\Users\84307\Desktop\three_plc\service.yml]
[2021-08-2809:41:55 PM-helper.py-DEBUG:Found loader <ioc.loader.YamlLoader object at 0x0000026C20BEEDD8> for file C:\Users\84307\Desktop\three_plc\service.yml]
[2021-08-2809:41:55 PM-component.py-DEBUG:Start building the container]
[2021-08-2809:41:55 PM-component.py-DEBUG:Create instance for <class 'plc.FinsTcp.FinsTcp'>]
[2021-08-2809:41:55 PM-component.py-DEBUG:End creating instance <plc.FinsTcp.FinsTcp object at 0x0000026C20BEEB70>]
[2021-08-2809:41:55 PM-component.py-DEBUG:Building container is over!]
[2021-08-2809:41:55 PM-component.py-DEBUG:Starting resolving all parameters!]
[2021-08-2809:41:55 PM-component.py-DEBUG:End resolving all parameters!]
